2021-08-31 11:11:14 =[restartedMain] INFO  c.e.m.VishuTrainingProjectApplication -Starting VishuTrainingProjectApplication using Java 16.0.1 on vishu with PID 8110 (/home/vishu/IDE/sts/Vishu_TrainingProject/target/classes started by vishu in /home/vishu/IDE/sts/Vishu_TrainingProject)
2021-08-31 11:11:14 =[restartedMain] DEBUG c.e.m.VishuTrainingProjectApplication -Running with Spring Boot v2.5.3, Spring v5.3.9
2021-08-31 11:11:14 =[restartedMain] INFO  c.e.m.VishuTrainingProjectApplication -No active profile set, falling back to default profiles: default
2021-08-31 11:11:24 =[restartedMain] INFO  c.e.m.VishuTrainingProjectApplication -Started VishuTrainingProjectApplication in 10.785 seconds (JVM running for 13.319)
2021-08-31 11:12:53 =[restartedMain] INFO  c.e.m.VishuTrainingProjectApplication -Starting VishuTrainingProjectApplication using Java 16.0.1 on vishu with PID 8110 (/home/vishu/IDE/sts/Vishu_TrainingProject/target/classes started by vishu in /home/vishu/IDE/sts/Vishu_TrainingProject)
2021-08-31 11:12:53 =[restartedMain] DEBUG c.e.m.VishuTrainingProjectApplication -Running with Spring Boot v2.5.3, Spring v5.3.9
2021-08-31 11:12:53 =[restartedMain] INFO  c.e.m.VishuTrainingProjectApplication -No active profile set, falling back to default profiles: default
2021-08-31 11:12:54 =[restartedMain] INFO  c.e.m.VishuTrainingProjectApplication -Started VishuTrainingProjectApplication in 1.157 seconds (JVM running for 102.972)
2021-08-31 11:14:24 =[restartedMain] INFO  c.e.m.VishuTrainingProjectApplication -Starting VishuTrainingProjectApplication using Java 16.0.1 on vishu with PID 8110 (/home/vishu/IDE/sts/Vishu_TrainingProject/target/classes started by vishu in /home/vishu/IDE/sts/Vishu_TrainingProject)
2021-08-31 11:14:24 =[restartedMain] DEBUG c.e.m.VishuTrainingProjectApplication -Running with Spring Boot v2.5.3, Spring v5.3.9
2021-08-31 11:14:24 =[restartedMain] INFO  c.e.m.VishuTrainingProjectApplication -No active profile set, falling back to default profiles: default
2021-08-31 11:14:25 =[restartedMain] INFO  c.e.m.VishuTrainingProjectApplication -Started VishuTrainingProjectApplication in 0.894 seconds (JVM running for 194.387)
2021-08-31 11:15:18 =[restartedMain] INFO  c.e.m.VishuTrainingProjectApplication -Starting VishuTrainingProjectApplication using Java 16.0.1 on vishu with PID 8436 (/home/vishu/IDE/sts/Vishu_TrainingProject/target/classes started by vishu in /home/vishu/IDE/sts/Vishu_TrainingProject)
2021-08-31 11:15:18 =[restartedMain] DEBUG c.e.m.VishuTrainingProjectApplication -Running with Spring Boot v2.5.3, Spring v5.3.9
2021-08-31 11:15:18 =[restartedMain] INFO  c.e.m.VishuTrainingProjectApplication -No active profile set, falling back to default profiles: default
2021-08-31 11:15:23 =[restartedMain] INFO  c.e.m.VishuTrainingProjectApplication -Started VishuTrainingProjectApplication in 5.121 seconds (JVM running for 6.267)
2021-08-31 11:19:26 =[restartedMain] INFO  c.e.m.VishuTrainingProjectApplication -Starting VishuTrainingProjectApplication using Java 16.0.1 on vishu with PID 8436 (/home/vishu/IDE/sts/Vishu_TrainingProject/target/classes started by vishu in /home/vishu/IDE/sts/Vishu_TrainingProject)
2021-08-31 11:19:26 =[restartedMain] DEBUG c.e.m.VishuTrainingProjectApplication -Running with Spring Boot v2.5.3, Spring v5.3.9
2021-08-31 11:19:26 =[restartedMain] INFO  c.e.m.VishuTrainingProjectApplication -No active profile set, falling back to default profiles: default
2021-08-31 11:19:27 =[restartedMain] INFO  c.e.m.VishuTrainingProjectApplication -Started VishuTrainingProjectApplication in 0.985 seconds (JVM running for 249.803)
2021-08-31 11:24:22 =[restartedMain] INFO  c.e.m.VishuTrainingProjectApplication -Starting VishuTrainingProjectApplication using Java 16.0.1 on vishu with PID 8436 (/home/vishu/IDE/sts/Vishu_TrainingProject/target/classes started by vishu in /home/vishu/IDE/sts/Vishu_TrainingProject)
2021-08-31 11:24:22 =[restartedMain] DEBUG c.e.m.VishuTrainingProjectApplication -Running with Spring Boot v2.5.3, Spring v5.3.9
2021-08-31 11:24:22 =[restartedMain] INFO  c.e.m.VishuTrainingProjectApplication -No active profile set, falling back to default profiles: default
2021-08-31 11:24:23 =[restartedMain] INFO  c.e.m.VishuTrainingProjectApplication -Started VishuTrainingProjectApplication in 0.95 seconds (JVM running for 546.672)
2021-08-31 11:25:13 =[restartedMain] INFO  c.e.m.VishuTrainingProjectApplication -Starting VishuTrainingProjectApplication using Java 16.0.1 on vishu with PID 8436 (/home/vishu/IDE/sts/Vishu_TrainingProject/target/classes started by vishu in /home/vishu/IDE/sts/Vishu_TrainingProject)
2021-08-31 11:25:13 =[restartedMain] DEBUG c.e.m.VishuTrainingProjectApplication -Running with Spring Boot v2.5.3, Spring v5.3.9
2021-08-31 11:25:13 =[restartedMain] INFO  c.e.m.VishuTrainingProjectApplication -No active profile set, falling back to default profiles: default
2021-08-31 11:25:14 =[restartedMain] INFO  c.e.m.VishuTrainingProjectApplication -Started VishuTrainingProjectApplication in 0.908 seconds (JVM running for 597.085)
2021-08-31 11:27:17 =[restartedMain] INFO  c.e.m.VishuTrainingProjectApplication -Starting VishuTrainingProjectApplication using Java 16.0.1 on vishu with PID 8436 (/home/vishu/IDE/sts/Vishu_TrainingProject/target/classes started by vishu in /home/vishu/IDE/sts/Vishu_TrainingProject)
2021-08-31 11:27:17 =[restartedMain] DEBUG c.e.m.VishuTrainingProjectApplication -Running with Spring Boot v2.5.3, Spring v5.3.9
2021-08-31 11:27:17 =[restartedMain] INFO  c.e.m.VishuTrainingProjectApplication -No active profile set, falling back to default profiles: default
2021-08-31 11:27:18 =[restartedMain] INFO  c.e.m.VishuTrainingProjectApplication -Started VishuTrainingProjectApplication in 0.766 seconds (JVM running for 721.476)
2021-08-31 11:29:39 =[restartedMain] INFO  c.e.m.VishuTrainingProjectApplication -Starting VishuTrainingProjectApplication using Java 16.0.1 on vishu with PID 8436 (/home/vishu/IDE/sts/Vishu_TrainingProject/target/classes started by vishu in /home/vishu/IDE/sts/Vishu_TrainingProject)
2021-08-31 11:29:39 =[restartedMain] DEBUG c.e.m.VishuTrainingProjectApplication -Running with Spring Boot v2.5.3, Spring v5.3.9
2021-08-31 11:29:39 =[restartedMain] INFO  c.e.m.VishuTrainingProjectApplication -No active profile set, falling back to default profiles: default
2021-08-31 11:30:08 =[restartedMain] INFO  c.e.m.VishuTrainingProjectApplication -Starting VishuTrainingProjectApplication using Java 16.0.1 on vishu with PID 8436 (/home/vishu/IDE/sts/Vishu_TrainingProject/target/classes started by vishu in /home/vishu/IDE/sts/Vishu_TrainingProject)
2021-08-31 11:30:08 =[restartedMain] DEBUG c.e.m.VishuTrainingProjectApplication -Running with Spring Boot v2.5.3, Spring v5.3.9
2021-08-31 11:30:08 =[restartedMain] INFO  c.e.m.VishuTrainingProjectApplication -No active profile set, falling back to default profiles: default
2021-08-31 11:30:09 =[restartedMain] INFO  c.e.m.VishuTrainingProjectApplication -Started VishuTrainingProjectApplication in 1.026 seconds (JVM running for 892.045)
2021-08-31 11:30:40 =[restartedMain] INFO  c.e.m.VishuTrainingProjectApplication -Starting VishuTrainingProjectApplication using Java 16.0.1 on vishu with PID 8436 (/home/vishu/IDE/sts/Vishu_TrainingProject/target/classes started by vishu in /home/vishu/IDE/sts/Vishu_TrainingProject)
2021-08-31 11:30:40 =[restartedMain] DEBUG c.e.m.VishuTrainingProjectApplication -Running with Spring Boot v2.5.3, Spring v5.3.9
2021-08-31 11:30:40 =[restartedMain] INFO  c.e.m.VishuTrainingProjectApplication -No active profile set, falling back to default profiles: default
2021-08-31 11:30:41 =[restartedMain] INFO  c.e.m.VishuTrainingProjectApplication -Started VishuTrainingProjectApplication in 0.843 seconds (JVM running for 924.374)
2021-08-31 11:41:43 =[restartedMain] INFO  c.e.m.VishuTrainingProjectApplication -Starting VishuTrainingProjectApplication using Java 16.0.1 on vishu with PID 8436 (/home/vishu/IDE/sts/Vishu_TrainingProject/target/classes started by vishu in /home/vishu/IDE/sts/Vishu_TrainingProject)
2021-08-31 11:41:43 =[restartedMain] DEBUG c.e.m.VishuTrainingProjectApplication -Running with Spring Boot v2.5.3, Spring v5.3.9
2021-08-31 11:41:43 =[restartedMain] INFO  c.e.m.VishuTrainingProjectApplication -No active profile set, falling back to default profiles: default
2021-08-31 11:41:44 =[restartedMain] INFO  c.e.m.VishuTrainingProjectApplication -Started VishuTrainingProjectApplication in 0.971 seconds (JVM running for 1587.013)
2021-08-31 11:43:24 =[restartedMain] INFO  c.e.m.VishuTrainingProjectApplication -Starting VishuTrainingProjectApplication using Java 16.0.1 on vishu with PID 8436 (/home/vishu/IDE/sts/Vishu_TrainingProject/target/classes started by vishu in /home/vishu/IDE/sts/Vishu_TrainingProject)
2021-08-31 11:43:24 =[restartedMain] DEBUG c.e.m.VishuTrainingProjectApplication -Running with Spring Boot v2.5.3, Spring v5.3.9
2021-08-31 11:43:24 =[restartedMain] INFO  c.e.m.VishuTrainingProjectApplication -No active profile set, falling back to default profiles: default
2021-08-31 11:43:25 =[restartedMain] INFO  c.e.m.VishuTrainingProjectApplication -Started VishuTrainingProjectApplication in 0.827 seconds (JVM running for 1688.47)
2021-08-31 11:57:11 =[restartedMain] INFO  c.e.m.VishuTrainingProjectApplication -Starting VishuTrainingProjectApplication using Java 16.0.1 on vishu with PID 8436 (/home/vishu/IDE/sts/Vishu_TrainingProject/target/classes started by vishu in /home/vishu/IDE/sts/Vishu_TrainingProject)
2021-08-31 11:57:11 =[restartedMain] DEBUG c.e.m.VishuTrainingProjectApplication -Running with Spring Boot v2.5.3, Spring v5.3.9
2021-08-31 11:57:11 =[restartedMain] INFO  c.e.m.VishuTrainingProjectApplication -No active profile set, falling back to default profiles: default
2021-08-31 11:57:12 =[restartedMain] INFO  c.e.m.VishuTrainingProjectApplication -Started VishuTrainingProjectApplication in 0.833 seconds (JVM running for 2515.498)
2021-08-31 11:57:36 =[restartedMain] INFO  c.e.m.VishuTrainingProjectApplication -Starting VishuTrainingProjectApplication using Java 16.0.1 on vishu with PID 8436 (/home/vishu/IDE/sts/Vishu_TrainingProject/target/classes started by vishu in /home/vishu/IDE/sts/Vishu_TrainingProject)
2021-08-31 11:57:36 =[restartedMain] DEBUG c.e.m.VishuTrainingProjectApplication -Running with Spring Boot v2.5.3, Spring v5.3.9
2021-08-31 11:57:36 =[restartedMain] INFO  c.e.m.VishuTrainingProjectApplication -No active profile set, falling back to default profiles: default
2021-08-31 11:57:36 =[restartedMain] INFO  c.e.m.VishuTrainingProjectApplication -Started VishuTrainingProjectApplication in 0.728 seconds (JVM running for 2539.679)
2021-08-31 12:18:35 =[restartedMain] INFO  c.e.m.VishuTrainingProjectApplication -Starting VishuTrainingProjectApplication using Java 16.0.1 on vishu with PID 8436 (/home/vishu/IDE/sts/Vishu_TrainingProject/target/classes started by vishu in /home/vishu/IDE/sts/Vishu_TrainingProject)
2021-08-31 12:18:35 =[restartedMain] DEBUG c.e.m.VishuTrainingProjectApplication -Running with Spring Boot v2.5.3, Spring v5.3.9
2021-08-31 12:18:35 =[restartedMain] INFO  c.e.m.VishuTrainingProjectApplication -No active profile set, falling back to default profiles: default
2021-08-31 12:18:36 =[restartedMain] INFO  c.e.m.VishuTrainingProjectApplication -Started VishuTrainingProjectApplication in 0.86 seconds (JVM running for 3799.528)
2021-08-31 12:20:46 =[restartedMain] INFO  c.e.m.VishuTrainingProjectApplication -Starting VishuTrainingProjectApplication using Java 16.0.1 on vishu with PID 8436 (/home/vishu/IDE/sts/Vishu_TrainingProject/target/classes started by vishu in /home/vishu/IDE/sts/Vishu_TrainingProject)
2021-08-31 12:20:46 =[restartedMain] DEBUG c.e.m.VishuTrainingProjectApplication -Running with Spring Boot v2.5.3, Spring v5.3.9
2021-08-31 12:20:46 =[restartedMain] INFO  c.e.m.VishuTrainingProjectApplication -No active profile set, falling back to default profiles: default
2021-08-31 12:20:47 =[restartedMain] INFO  c.e.m.VishuTrainingProjectApplication -Started VishuTrainingProjectApplication in 0.885 seconds (JVM running for 3930.107)
2021-08-31 12:24:14 =[restartedMain] INFO  c.e.m.VishuTrainingProjectApplication -Starting VishuTrainingProjectApplication using Java 16.0.1 on vishu with PID 8436 (/home/vishu/IDE/sts/Vishu_TrainingProject/target/classes started by vishu in /home/vishu/IDE/sts/Vishu_TrainingProject)
2021-08-31 12:24:14 =[restartedMain] DEBUG c.e.m.VishuTrainingProjectApplication -Running with Spring Boot v2.5.3, Spring v5.3.9
2021-08-31 12:24:14 =[restartedMain] INFO  c.e.m.VishuTrainingProjectApplication -No active profile set, falling back to default profiles: default
2021-08-31 12:24:15 =[restartedMain] INFO  c.e.m.VishuTrainingProjectApplication -Started VishuTrainingProjectApplication in 0.936 seconds (JVM running for 4137.935)
2021-08-31 12:24:42 =[restartedMain] INFO  c.e.m.VishuTrainingProjectApplication -Starting VishuTrainingProjectApplication using Java 16.0.1 on vishu with PID 8436 (/home/vishu/IDE/sts/Vishu_TrainingProject/target/classes started by vishu in /home/vishu/IDE/sts/Vishu_TrainingProject)
2021-08-31 12:24:42 =[restartedMain] DEBUG c.e.m.VishuTrainingProjectApplication -Running with Spring Boot v2.5.3, Spring v5.3.9
2021-08-31 12:24:42 =[restartedMain] INFO  c.e.m.VishuTrainingProjectApplication -No active profile set, falling back to default profiles: default
2021-08-31 12:24:43 =[restartedMain] INFO  c.e.m.VishuTrainingProjectApplication -Started VishuTrainingProjectApplication in 0.983 seconds (JVM running for 4166.422)
2021-08-31 12:27:08 =[restartedMain] INFO  c.e.m.VishuTrainingProjectApplication -Starting VishuTrainingProjectApplication using Java 16.0.1 on vishu with PID 8436 (/home/vishu/IDE/sts/Vishu_TrainingProject/target/classes started by vishu in /home/vishu/IDE/sts/Vishu_TrainingProject)
2021-08-31 12:27:08 =[restartedMain] DEBUG c.e.m.VishuTrainingProjectApplication -Running with Spring Boot v2.5.3, Spring v5.3.9
2021-08-31 12:27:08 =[restartedMain] INFO  c.e.m.VishuTrainingProjectApplication -No active profile set, falling back to default profiles: default
2021-08-31 12:27:09 =[restartedMain] INFO  c.e.m.VishuTrainingProjectApplication -Started VishuTrainingProjectApplication in 0.938 seconds (JVM running for 4312.08)
2021-08-31 12:28:48 =[restartedMain] INFO  c.e.m.VishuTrainingProjectApplication -Starting VishuTrainingProjectApplication using Java 16.0.1 on vishu with PID 8436 (/home/vishu/IDE/sts/Vishu_TrainingProject/target/classes started by vishu in /home/vishu/IDE/sts/Vishu_TrainingProject)
2021-08-31 12:28:48 =[restartedMain] DEBUG c.e.m.VishuTrainingProjectApplication -Running with Spring Boot v2.5.3, Spring v5.3.9
2021-08-31 12:28:48 =[restartedMain] INFO  c.e.m.VishuTrainingProjectApplication -No active profile set, falling back to default profiles: default
2021-08-31 12:28:50 =[restartedMain] INFO  c.e.m.VishuTrainingProjectApplication -Started VishuTrainingProjectApplication in 1.11 seconds (JVM running for 4412.831)
2021-08-31 12:29:33 =[restartedMain] INFO  c.e.m.VishuTrainingProjectApplication -Starting VishuTrainingProjectApplication using Java 16.0.1 on vishu with PID 8436 (/home/vishu/IDE/sts/Vishu_TrainingProject/target/classes started by vishu in /home/vishu/IDE/sts/Vishu_TrainingProject)
2021-08-31 12:29:33 =[restartedMain] DEBUG c.e.m.VishuTrainingProjectApplication -Running with Spring Boot v2.5.3, Spring v5.3.9
2021-08-31 12:29:33 =[restartedMain] INFO  c.e.m.VishuTrainingProjectApplication -No active profile set, falling back to default profiles: default
2021-08-31 12:29:34 =[restartedMain] INFO  c.e.m.VishuTrainingProjectApplication -Started VishuTrainingProjectApplication in 1.06 seconds (JVM running for 4457.466)
2021-08-31 12:30:23 =[restartedMain] INFO  c.e.m.VishuTrainingProjectApplication -Starting VishuTrainingProjectApplication using Java 16.0.1 on vishu with PID 8436 (/home/vishu/IDE/sts/Vishu_TrainingProject/target/classes started by vishu in /home/vishu/IDE/sts/Vishu_TrainingProject)
2021-08-31 12:30:23 =[restartedMain] DEBUG c.e.m.VishuTrainingProjectApplication -Running with Spring Boot v2.5.3, Spring v5.3.9
2021-08-31 12:30:23 =[restartedMain] INFO  c.e.m.VishuTrainingProjectApplication -No active profile set, falling back to default profiles: default
2021-08-31 12:30:24 =[restartedMain] INFO  c.e.m.VishuTrainingProjectApplication -Started VishuTrainingProjectApplication in 0.919 seconds (JVM running for 4506.952)
2021-08-31 12:31:02 =[restartedMain] INFO  c.e.m.VishuTrainingProjectApplication -Starting VishuTrainingProjectApplication using Java 16.0.1 on vishu with PID 8436 (/home/vishu/IDE/sts/Vishu_TrainingProject/target/classes started by vishu in /home/vishu/IDE/sts/Vishu_TrainingProject)
2021-08-31 12:31:02 =[restartedMain] DEBUG c.e.m.VishuTrainingProjectApplication -Running with Spring Boot v2.5.3, Spring v5.3.9
2021-08-31 12:31:02 =[restartedMain] INFO  c.e.m.VishuTrainingProjectApplication -No active profile set, falling back to default profiles: default
2021-08-31 12:31:03 =[restartedMain] INFO  c.e.m.VishuTrainingProjectApplication -Started VishuTrainingProjectApplication in 0.787 seconds (JVM running for 4546.267)
2021-08-31 12:32:04 =[restartedMain] INFO  c.e.m.VishuTrainingProjectApplication -Starting VishuTrainingProjectApplication using Java 16.0.1 on vishu with PID 8436 (/home/vishu/IDE/sts/Vishu_TrainingProject/target/classes started by vishu in /home/vishu/IDE/sts/Vishu_TrainingProject)
2021-08-31 12:32:04 =[restartedMain] DEBUG c.e.m.VishuTrainingProjectApplication -Running with Spring Boot v2.5.3, Spring v5.3.9
2021-08-31 12:32:04 =[restartedMain] INFO  c.e.m.VishuTrainingProjectApplication -No active profile set, falling back to default profiles: default
2021-08-31 12:32:04 =[restartedMain] INFO  c.e.m.VishuTrainingProjectApplication -Started VishuTrainingProjectApplication in 0.935 seconds (JVM running for 4607.78)
2021-08-31 12:32:18 =[restartedMain] INFO  c.e.m.VishuTrainingProjectApplication -Starting VishuTrainingProjectApplication using Java 16.0.1 on vishu with PID 8436 (/home/vishu/IDE/sts/Vishu_TrainingProject/target/classes started by vishu in /home/vishu/IDE/sts/Vishu_TrainingProject)
2021-08-31 12:32:18 =[restartedMain] DEBUG c.e.m.VishuTrainingProjectApplication -Running with Spring Boot v2.5.3, Spring v5.3.9
2021-08-31 12:32:18 =[restartedMain] INFO  c.e.m.VishuTrainingProjectApplication -No active profile set, falling back to default profiles: default
2021-08-31 12:32:19 =[restartedMain] INFO  c.e.m.VishuTrainingProjectApplication -Started VishuTrainingProjectApplication in 0.827 seconds (JVM running for 4622.047)
2021-08-31 12:35:27 =[restartedMain] INFO  c.e.m.VishuTrainingProjectApplication -Starting VishuTrainingProjectApplication using Java 16.0.1 on vishu with PID 8436 (/home/vishu/IDE/sts/Vishu_TrainingProject/target/classes started by vishu in /home/vishu/IDE/sts/Vishu_TrainingProject)
2021-08-31 12:35:27 =[restartedMain] DEBUG c.e.m.VishuTrainingProjectApplication -Running with Spring Boot v2.5.3, Spring v5.3.9
2021-08-31 12:35:27 =[restartedMain] INFO  c.e.m.VishuTrainingProjectApplication -No active profile set, falling back to default profiles: default
2021-08-31 12:35:27 =[restartedMain] INFO  c.e.m.VishuTrainingProjectApplication -Started VishuTrainingProjectApplication in 0.84 seconds (JVM running for 4810.76)
2021-08-31 12:36:00 =[restartedMain] INFO  c.e.m.VishuTrainingProjectApplication -Starting VishuTrainingProjectApplication using Java 16.0.1 on vishu with PID 8436 (/home/vishu/IDE/sts/Vishu_TrainingProject/target/classes started by vishu in /home/vishu/IDE/sts/Vishu_TrainingProject)
2021-08-31 12:36:00 =[restartedMain] DEBUG c.e.m.VishuTrainingProjectApplication -Running with Spring Boot v2.5.3, Spring v5.3.9
2021-08-31 12:36:00 =[restartedMain] INFO  c.e.m.VishuTrainingProjectApplication -No active profile set, falling back to default profiles: default
2021-08-31 12:36:01 =[restartedMain] INFO  c.e.m.VishuTrainingProjectApplication -Started VishuTrainingProjectApplication in 0.83 seconds (JVM running for 4844.098)
2021-08-31 12:37:55 =[restartedMain] INFO  c.e.m.VishuTrainingProjectApplication -Starting VishuTrainingProjectApplication using Java 16.0.1 on vishu with PID 8436 (/home/vishu/IDE/sts/Vishu_TrainingProject/target/classes started by vishu in /home/vishu/IDE/sts/Vishu_TrainingProject)
2021-08-31 12:37:55 =[restartedMain] DEBUG c.e.m.VishuTrainingProjectApplication -Running with Spring Boot v2.5.3, Spring v5.3.9
2021-08-31 12:37:55 =[restartedMain] INFO  c.e.m.VishuTrainingProjectApplication -No active profile set, falling back to default profiles: default
2021-08-31 12:37:56 =[restartedMain] INFO  c.e.m.VishuTrainingProjectApplication -Started VishuTrainingProjectApplication in 0.789 seconds (JVM running for 4959.534)
2021-08-31 12:47:15 =[restartedMain] INFO  c.e.m.VishuTrainingProjectApplication -Starting VishuTrainingProjectApplication using Java 16.0.1 on vishu with PID 8436 (/home/vishu/IDE/sts/Vishu_TrainingProject/target/classes started by vishu in /home/vishu/IDE/sts/Vishu_TrainingProject)
2021-08-31 12:47:15 =[restartedMain] DEBUG c.e.m.VishuTrainingProjectApplication -Running with Spring Boot v2.5.3, Spring v5.3.9
2021-08-31 12:47:15 =[restartedMain] INFO  c.e.m.VishuTrainingProjectApplication -No active profile set, falling back to default profiles: default
2021-08-31 12:47:16 =[restartedMain] INFO  c.e.m.VishuTrainingProjectApplication -Started VishuTrainingProjectApplication in 0.801 seconds (JVM running for 5519.038)
2021-08-31 12:47:58 =[restartedMain] INFO  c.e.m.VishuTrainingProjectApplication -Starting VishuTrainingProjectApplication using Java 16.0.1 on vishu with PID 8436 (/home/vishu/IDE/sts/Vishu_TrainingProject/target/classes started by vishu in /home/vishu/IDE/sts/Vishu_TrainingProject)
2021-08-31 12:47:58 =[restartedMain] DEBUG c.e.m.VishuTrainingProjectApplication -Running with Spring Boot v2.5.3, Spring v5.3.9
2021-08-31 12:47:58 =[restartedMain] INFO  c.e.m.VishuTrainingProjectApplication -No active profile set, falling back to default profiles: default
2021-08-31 12:47:59 =[restartedMain] INFO  c.e.m.VishuTrainingProjectApplication -Started VishuTrainingProjectApplication in 0.868 seconds (JVM running for 5562.426)
2021-08-31 13:12:07 =[restartedMain] INFO  c.e.m.VishuTrainingProjectApplication -Starting VishuTrainingProjectApplication using Java 16.0.1 on vishu with PID 8436 (/home/vishu/IDE/sts/Vishu_TrainingProject/target/classes started by vishu in /home/vishu/IDE/sts/Vishu_TrainingProject)
2021-08-31 13:12:07 =[restartedMain] DEBUG c.e.m.VishuTrainingProjectApplication -Running with Spring Boot v2.5.3, Spring v5.3.9
2021-08-31 13:12:07 =[restartedMain] INFO  c.e.m.VishuTrainingProjectApplication -No active profile set, falling back to default profiles: default
2021-08-31 13:12:08 =[restartedMain] INFO  c.e.m.VishuTrainingProjectApplication -Started VishuTrainingProjectApplication in 0.746 seconds (JVM running for 7011.203)
2021-08-31 13:24:14 =[restartedMain] INFO  c.e.m.VishuTrainingProjectApplication -Starting VishuTrainingProjectApplication using Java 16.0.1 on vishu with PID 8436 (/home/vishu/IDE/sts/Vishu_TrainingProject/target/classes started by vishu in /home/vishu/IDE/sts/Vishu_TrainingProject)
2021-08-31 13:24:14 =[restartedMain] DEBUG c.e.m.VishuTrainingProjectApplication -Running with Spring Boot v2.5.3, Spring v5.3.9
2021-08-31 13:24:14 =[restartedMain] INFO  c.e.m.VishuTrainingProjectApplication -No active profile set, falling back to default profiles: default
2021-08-31 13:24:15 =[restartedMain] INFO  c.e.m.VishuTrainingProjectApplication -Started VishuTrainingProjectApplication in 0.731 seconds (JVM running for 7737.95)
2021-08-31 13:27:57 =[restartedMain] INFO  c.e.m.VishuTrainingProjectApplication -Starting VishuTrainingProjectApplication using Java 16.0.1 on vishu with PID 8436 (/home/vishu/IDE/sts/Vishu_TrainingProject/target/classes started by vishu in /home/vishu/IDE/sts/Vishu_TrainingProject)
2021-08-31 13:27:57 =[restartedMain] DEBUG c.e.m.VishuTrainingProjectApplication -Running with Spring Boot v2.5.3, Spring v5.3.9
2021-08-31 13:27:57 =[restartedMain] INFO  c.e.m.VishuTrainingProjectApplication -No active profile set, falling back to default profiles: default
2021-08-31 13:27:57 =[restartedMain] INFO  c.e.m.VishuTrainingProjectApplication -Started VishuTrainingProjectApplication in 0.73 seconds (JVM running for 7960.634)
2021-08-31 13:28:14 =[restartedMain] INFO  c.e.m.VishuTrainingProjectApplication -Starting VishuTrainingProjectApplication using Java 16.0.1 on vishu with PID 8436 (/home/vishu/IDE/sts/Vishu_TrainingProject/target/classes started by vishu in /home/vishu/IDE/sts/Vishu_TrainingProject)
2021-08-31 13:28:14 =[restartedMain] DEBUG c.e.m.VishuTrainingProjectApplication -Running with Spring Boot v2.5.3, Spring v5.3.9
2021-08-31 13:28:14 =[restartedMain] INFO  c.e.m.VishuTrainingProjectApplication -No active profile set, falling back to default profiles: default
2021-08-31 13:28:15 =[restartedMain] INFO  c.e.m.VishuTrainingProjectApplication -Started VishuTrainingProjectApplication in 0.713 seconds (JVM running for 7977.805)
2021-08-31 13:32:04 =[restartedMain] INFO  c.e.m.VishuTrainingProjectApplication -Starting VishuTrainingProjectApplication using Java 16.0.1 on vishu with PID 8436 (/home/vishu/IDE/sts/Vishu_TrainingProject/target/classes started by vishu in /home/vishu/IDE/sts/Vishu_TrainingProject)
2021-08-31 13:32:04 =[restartedMain] DEBUG c.e.m.VishuTrainingProjectApplication -Running with Spring Boot v2.5.3, Spring v5.3.9
2021-08-31 13:32:04 =[restartedMain] INFO  c.e.m.VishuTrainingProjectApplication -No active profile set, falling back to default profiles: default
2021-08-31 13:32:05 =[restartedMain] INFO  c.e.m.VishuTrainingProjectApplication -Started VishuTrainingProjectApplication in 0.715 seconds (JVM running for 8208.416)
2021-08-31 13:49:55 =[restartedMain] INFO  c.e.m.VishuTrainingProjectApplication -Starting VishuTrainingProjectApplication using Java 16.0.1 on vishu with PID 8436 (/home/vishu/IDE/sts/Vishu_TrainingProject/target/classes started by vishu in /home/vishu/IDE/sts/Vishu_TrainingProject)
2021-08-31 13:49:55 =[restartedMain] DEBUG c.e.m.VishuTrainingProjectApplication -Running with Spring Boot v2.5.3, Spring v5.3.9
2021-08-31 13:49:55 =[restartedMain] INFO  c.e.m.VishuTrainingProjectApplication -No active profile set, falling back to default profiles: default
2021-08-31 13:49:55 =[restartedMain] INFO  c.e.m.VishuTrainingProjectApplication -Started VishuTrainingProjectApplication in 0.737 seconds (JVM running for 9278.726)
2021-08-31 13:51:04 =[restartedMain] INFO  c.e.m.VishuTrainingProjectApplication -Starting VishuTrainingProjectApplication using Java 16.0.1 on vishu with PID 8436 (/home/vishu/IDE/sts/Vishu_TrainingProject/target/classes started by vishu in /home/vishu/IDE/sts/Vishu_TrainingProject)
2021-08-31 13:51:04 =[restartedMain] DEBUG c.e.m.VishuTrainingProjectApplication -Running with Spring Boot v2.5.3, Spring v5.3.9
2021-08-31 13:51:04 =[restartedMain] INFO  c.e.m.VishuTrainingProjectApplication -No active profile set, falling back to default profiles: default
2021-08-31 13:57:21 =[restartedMain] INFO  c.e.m.VishuTrainingProjectApplication -Starting VishuTrainingProjectApplication using Java 16.0.1 on vishu with PID 8436 (/home/vishu/IDE/sts/Vishu_TrainingProject/target/classes started by vishu in /home/vishu/IDE/sts/Vishu_TrainingProject)
2021-08-31 13:57:21 =[restartedMain] DEBUG c.e.m.VishuTrainingProjectApplication -Running with Spring Boot v2.5.3, Spring v5.3.9
2021-08-31 13:57:21 =[restartedMain] INFO  c.e.m.VishuTrainingProjectApplication -No active profile set, falling back to default profiles: default
2021-08-31 14:10:23 =[restartedMain] INFO  c.e.m.VishuTrainingProjectApplication -Starting VishuTrainingProjectApplication using Java 16.0.1 on vishu with PID 8436 (/home/vishu/IDE/sts/Vishu_TrainingProject/target/classes started by vishu in /home/vishu/IDE/sts/Vishu_TrainingProject)
2021-08-31 14:10:23 =[restartedMain] DEBUG c.e.m.VishuTrainingProjectApplication -Running with Spring Boot v2.5.3, Spring v5.3.9
2021-08-31 14:10:23 =[restartedMain] INFO  c.e.m.VishuTrainingProjectApplication -No active profile set, falling back to default profiles: default
2021-08-31 14:11:22 =[restartedMain] INFO  c.e.m.VishuTrainingProjectApplication -Starting VishuTrainingProjectApplication using Java 16.0.1 on vishu with PID 8436 (/home/vishu/IDE/sts/Vishu_TrainingProject/target/classes started by vishu in /home/vishu/IDE/sts/Vishu_TrainingProject)
2021-08-31 14:11:22 =[restartedMain] DEBUG c.e.m.VishuTrainingProjectApplication -Running with Spring Boot v2.5.3, Spring v5.3.9
2021-08-31 14:11:22 =[restartedMain] INFO  c.e.m.VishuTrainingProjectApplication -No active profile set, falling back to default profiles: default
2021-08-31 14:12:56 =[restartedMain] INFO  c.e.m.VishuTrainingProjectApplication -Starting VishuTrainingProjectApplication using Java 16.0.1 on vishu with PID 8436 (/home/vishu/IDE/sts/Vishu_TrainingProject/target/classes started by vishu in /home/vishu/IDE/sts/Vishu_TrainingProject)
2021-08-31 14:12:56 =[restartedMain] DEBUG c.e.m.VishuTrainingProjectApplication -Running with Spring Boot v2.5.3, Spring v5.3.9
2021-08-31 14:12:56 =[restartedMain] INFO  c.e.m.VishuTrainingProjectApplication -No active profile set, falling back to default profiles: default
2021-08-31 14:15:17 =[restartedMain] INFO  c.e.m.VishuTrainingProjectApplication -Starting VishuTrainingProjectApplication using Java 16.0.1 on vishu with PID 8436 (/home/vishu/IDE/sts/Vishu_TrainingProject/target/classes started by vishu in /home/vishu/IDE/sts/Vishu_TrainingProject)
2021-08-31 14:15:17 =[restartedMain] DEBUG c.e.m.VishuTrainingProjectApplication -Running with Spring Boot v2.5.3, Spring v5.3.9
2021-08-31 14:15:17 =[restartedMain] INFO  c.e.m.VishuTrainingProjectApplication -No active profile set, falling back to default profiles: default
2021-08-31 14:16:00 =[restartedMain] INFO  c.e.m.VishuTrainingProjectApplication -Starting VishuTrainingProjectApplication using Java 16.0.1 on vishu with PID 8436 (/home/vishu/IDE/sts/Vishu_TrainingProject/target/classes started by vishu in /home/vishu/IDE/sts/Vishu_TrainingProject)
2021-08-31 14:16:00 =[restartedMain] DEBUG c.e.m.VishuTrainingProjectApplication -Running with Spring Boot v2.5.3, Spring v5.3.9
2021-08-31 14:16:00 =[restartedMain] INFO  c.e.m.VishuTrainingProjectApplication -No active profile set, falling back to default profiles: default
2021-08-31 14:16:14 =[restartedMain] INFO  c.e.m.VishuTrainingProjectApplication -Starting VishuTrainingProjectApplication using Java 16.0.1 on vishu with PID 17792 (/home/vishu/IDE/sts/Vishu_TrainingProject/target/classes started by vishu in /home/vishu/IDE/sts/Vishu_TrainingProject)
2021-08-31 14:16:14 =[restartedMain] DEBUG c.e.m.VishuTrainingProjectApplication -Running with Spring Boot v2.5.3, Spring v5.3.9
2021-08-31 14:16:14 =[restartedMain] INFO  c.e.m.VishuTrainingProjectApplication -No active profile set, falling back to default profiles: default
2021-08-31 14:18:16 =[restartedMain] INFO  c.e.m.VishuTrainingProjectApplication -Starting VishuTrainingProjectApplication using Java 16.0.1 on vishu with PID 8436 (/home/vishu/IDE/sts/Vishu_TrainingProject/target/classes started by vishu in /home/vishu/IDE/sts/Vishu_TrainingProject)
2021-08-31 14:18:16 =[restartedMain] DEBUG c.e.m.VishuTrainingProjectApplication -Running with Spring Boot v2.5.3, Spring v5.3.9
2021-08-31 14:18:16 =[restartedMain] INFO  c.e.m.VishuTrainingProjectApplication -No active profile set, falling back to default profiles: default
2021-08-31 14:40:57 =[restartedMain] INFO  c.e.m.VishuTrainingProjectApplication -Starting VishuTrainingProjectApplication using Java 16.0.1 on vishu with PID 8436 (/home/vishu/IDE/sts/Vishu_TrainingProject/target/classes started by vishu in /home/vishu/IDE/sts/Vishu_TrainingProject)
2021-08-31 14:40:57 =[restartedMain] DEBUG c.e.m.VishuTrainingProjectApplication -Running with Spring Boot v2.5.3, Spring v5.3.9
2021-08-31 14:40:57 =[restartedMain] INFO  c.e.m.VishuTrainingProjectApplication -No active profile set, falling back to default profiles: default
2021-08-31 14:43:28 =[restartedMain] INFO  c.e.m.VishuTrainingProjectApplication -Starting VishuTrainingProjectApplication using Java 16.0.1 on vishu with PID 8436 (/home/vishu/IDE/sts/Vishu_TrainingProject/target/classes started by vishu in /home/vishu/IDE/sts/Vishu_TrainingProject)
2021-08-31 14:43:28 =[restartedMain] DEBUG c.e.m.VishuTrainingProjectApplication -Running with Spring Boot v2.5.3, Spring v5.3.9
2021-08-31 14:43:28 =[restartedMain] INFO  c.e.m.VishuTrainingProjectApplication -No active profile set, falling back to default profiles: default
2021-08-31 14:45:34 =[restartedMain] INFO  c.e.m.VishuTrainingProjectApplication -Starting VishuTrainingProjectApplication using Java 16.0.1 on vishu with PID 8436 (/home/vishu/IDE/sts/Vishu_TrainingProject/target/classes started by vishu in /home/vishu/IDE/sts/Vishu_TrainingProject)
2021-08-31 14:45:34 =[restartedMain] DEBUG c.e.m.VishuTrainingProjectApplication -Running with Spring Boot v2.5.3, Spring v5.3.9
2021-08-31 14:45:34 =[restartedMain] INFO  c.e.m.VishuTrainingProjectApplication -No active profile set, falling back to default profiles: default
2021-08-31 14:46:03 =[restartedMain] INFO  c.e.m.VishuTrainingProjectApplication -Starting VishuTrainingProjectApplication using Java 16.0.1 on vishu with PID 8436 (/home/vishu/IDE/sts/Vishu_TrainingProject/target/classes started by vishu in /home/vishu/IDE/sts/Vishu_TrainingProject)
2021-08-31 14:46:03 =[restartedMain] DEBUG c.e.m.VishuTrainingProjectApplication -Running with Spring Boot v2.5.3, Spring v5.3.9
2021-08-31 14:46:03 =[restartedMain] INFO  c.e.m.VishuTrainingProjectApplication -No active profile set, falling back to default profiles: default
2021-08-31 14:48:18 =[restartedMain] INFO  c.e.m.VishuTrainingProjectApplication -Starting VishuTrainingProjectApplication using Java 16.0.1 on vishu with PID 8436 (/home/vishu/IDE/sts/Vishu_TrainingProject/target/classes started by vishu in /home/vishu/IDE/sts/Vishu_TrainingProject)
2021-08-31 14:48:18 =[restartedMain] DEBUG c.e.m.VishuTrainingProjectApplication -Running with Spring Boot v2.5.3, Spring v5.3.9
2021-08-31 14:48:18 =[restartedMain] INFO  c.e.m.VishuTrainingProjectApplication -No active profile set, falling back to default profiles: default
2021-08-31 14:48:30 =[restartedMain] INFO  c.e.m.VishuTrainingProjectApplication -Starting VishuTrainingProjectApplication using Java 16.0.1 on vishu with PID 18701 (/home/vishu/IDE/sts/Vishu_TrainingProject/target/classes started by vishu in /home/vishu/IDE/sts/Vishu_TrainingProject)
2021-08-31 14:48:30 =[restartedMain] DEBUG c.e.m.VishuTrainingProjectApplication -Running with Spring Boot v2.5.3, Spring v5.3.9
2021-08-31 14:48:30 =[restartedMain] INFO  c.e.m.VishuTrainingProjectApplication -No active profile set, falling back to default profiles: default
2021-08-31 14:48:35 =[restartedMain] INFO  c.e.m.VishuTrainingProjectApplication -Started VishuTrainingProjectApplication in 5.424 seconds (JVM running for 6.22)
2021-08-31 14:48:35 =[restartedMain] INFO  c.e.m.VishuTrainingProjectApplication -Starting VishuTrainingProjectApplication using Java 16.0.1 on vishu with PID 18701 (/home/vishu/IDE/sts/Vishu_TrainingProject/target/classes started by vishu in /home/vishu/IDE/sts/Vishu_TrainingProject)
2021-08-31 14:48:35 =[restartedMain] DEBUG c.e.m.VishuTrainingProjectApplication -Running with Spring Boot v2.5.3, Spring v5.3.9
2021-08-31 14:48:35 =[restartedMain] INFO  c.e.m.VishuTrainingProjectApplication -No active profile set, falling back to default profiles: default
2021-08-31 14:49:41 =[restartedMain] INFO  c.e.m.VishuTrainingProjectApplication -Starting VishuTrainingProjectApplication using Java 16.0.1 on vishu with PID 18701 (/home/vishu/IDE/sts/Vishu_TrainingProject/target/classes started by vishu in /home/vishu/IDE/sts/Vishu_TrainingProject)
2021-08-31 14:49:41 =[restartedMain] DEBUG c.e.m.VishuTrainingProjectApplication -Running with Spring Boot v2.5.3, Spring v5.3.9
2021-08-31 14:49:41 =[restartedMain] INFO  c.e.m.VishuTrainingProjectApplication -No active profile set, falling back to default profiles: default
2021-08-31 14:49:42 =[restartedMain] INFO  c.e.m.VishuTrainingProjectApplication -Starting VishuTrainingProjectApplication using Java 16.0.1 on vishu with PID 8436 (/home/vishu/IDE/sts/Vishu_TrainingProject/target/classes started by vishu in /home/vishu/IDE/sts/Vishu_TrainingProject)
2021-08-31 14:49:42 =[restartedMain] DEBUG c.e.m.VishuTrainingProjectApplication -Running with Spring Boot v2.5.3, Spring v5.3.9
2021-08-31 14:49:42 =[restartedMain] INFO  c.e.m.VishuTrainingProjectApplication -No active profile set, falling back to default profiles: default
2021-08-31 14:49:42 =[restartedMain] INFO  c.e.m.VishuTrainingProjectApplication -Started VishuTrainingProjectApplication in 1.145 seconds (JVM running for 73.761)
2021-08-31 14:49:42 =[restartedMain] INFO  c.e.m.VishuTrainingProjectApplication -Starting VishuTrainingProjectApplication using Java 16.0.1 on vishu with PID 18701 (/home/vishu/IDE/sts/Vishu_TrainingProject/target/classes started by vishu in /home/vishu/IDE/sts/Vishu_TrainingProject)
2021-08-31 14:49:42 =[restartedMain] DEBUG c.e.m.VishuTrainingProjectApplication -Running with Spring Boot v2.5.3, Spring v5.3.9
2021-08-31 14:49:42 =[restartedMain] INFO  c.e.m.VishuTrainingProjectApplication -No active profile set, falling back to default profiles: default
2021-08-31 14:50:49 =[restartedMain] INFO  c.e.m.VishuTrainingProjectApplication -Starting VishuTrainingProjectApplication using Java 16.0.1 on vishu with PID 8436 (/home/vishu/IDE/sts/Vishu_TrainingProject/target/classes started by vishu in /home/vishu/IDE/sts/Vishu_TrainingProject)
2021-08-31 14:50:49 =[restartedMain] DEBUG c.e.m.VishuTrainingProjectApplication -Running with Spring Boot v2.5.3, Spring v5.3.9
2021-08-31 14:50:49 =[restartedMain] INFO  c.e.m.VishuTrainingProjectApplication -No active profile set, falling back to default profiles: default
2021-08-31 14:50:49 =[restartedMain] INFO  c.e.m.VishuTrainingProjectApplication -Starting VishuTrainingProjectApplication using Java 16.0.1 on vishu with PID 18701 (/home/vishu/IDE/sts/Vishu_TrainingProject/target/classes started by vishu in /home/vishu/IDE/sts/Vishu_TrainingProject)
2021-08-31 14:50:49 =[restartedMain] DEBUG c.e.m.VishuTrainingProjectApplication -Running with Spring Boot v2.5.3, Spring v5.3.9
2021-08-31 14:50:49 =[restartedMain] INFO  c.e.m.VishuTrainingProjectApplication -No active profile set, falling back to default profiles: default
2021-08-31 14:50:50 =[restartedMain] INFO  c.e.m.VishuTrainingProjectApplication -Starting VishuTrainingProjectApplication using Java 16.0.1 on vishu with PID 18701 (/home/vishu/IDE/sts/Vishu_TrainingProject/target/classes started by vishu in /home/vishu/IDE/sts/Vishu_TrainingProject)
2021-08-31 14:50:50 =[restartedMain] DEBUG c.e.m.VishuTrainingProjectApplication -Running with Spring Boot v2.5.3, Spring v5.3.9
2021-08-31 14:50:50 =[restartedMain] INFO  c.e.m.VishuTrainingProjectApplication -No active profile set, falling back to default profiles: default
2021-08-31 14:50:50 =[restartedMain] INFO  c.e.m.VishuTrainingProjectApplication -Started VishuTrainingProjectApplication in 1.02 seconds (JVM running for 141.223)
2021-08-31 15:01:13 =[restartedMain] INFO  c.e.m.VishuTrainingProjectApplication -Starting VishuTrainingProjectApplication using Java 16.0.1 on vishu with PID 18701 (/home/vishu/IDE/sts/Vishu_TrainingProject/target/classes started by vishu in /home/vishu/IDE/sts/Vishu_TrainingProject)
2021-08-31 15:01:13 =[restartedMain] DEBUG c.e.m.VishuTrainingProjectApplication -Running with Spring Boot v2.5.3, Spring v5.3.9
2021-08-31 15:01:13 =[restartedMain] INFO  c.e.m.VishuTrainingProjectApplication -No active profile set, falling back to default profiles: default
2021-08-31 15:01:13 =[restartedMain] INFO  c.e.m.VishuTrainingProjectApplication -Starting VishuTrainingProjectApplication using Java 16.0.1 on vishu with PID 8436 (/home/vishu/IDE/sts/Vishu_TrainingProject/target/classes started by vishu in /home/vishu/IDE/sts/Vishu_TrainingProject)
2021-08-31 15:01:13 =[restartedMain] DEBUG c.e.m.VishuTrainingProjectApplication -Running with Spring Boot v2.5.3, Spring v5.3.9
2021-08-31 15:01:13 =[restartedMain] INFO  c.e.m.VishuTrainingProjectApplication -No active profile set, falling back to default profiles: default
2021-08-31 15:01:13 =[restartedMain] INFO  c.e.m.VishuTrainingProjectApplication -Starting VishuTrainingProjectApplication using Java 16.0.1 on vishu with PID 18701 (/home/vishu/IDE/sts/Vishu_TrainingProject/target/classes started by vishu in /home/vishu/IDE/sts/Vishu_TrainingProject)
2021-08-31 15:01:13 =[restartedMain] DEBUG c.e.m.VishuTrainingProjectApplication -Running with Spring Boot v2.5.3, Spring v5.3.9
2021-08-31 15:01:13 =[restartedMain] INFO  c.e.m.VishuTrainingProjectApplication -No active profile set, falling back to default profiles: default
2021-08-31 15:01:14 =[restartedMain] INFO  c.e.m.VishuTrainingProjectApplication -Started VishuTrainingProjectApplication in 1.017 seconds (JVM running for 765.094)
2021-08-31 15:02:26 =[restartedMain] INFO  c.e.m.VishuTrainingProjectApplication -Starting VishuTrainingProjectApplication using Java 16.0.1 on vishu with PID 8436 (/home/vishu/IDE/sts/Vishu_TrainingProject/target/classes started by vishu in /home/vishu/IDE/sts/Vishu_TrainingProject)
2021-08-31 15:02:26 =[restartedMain] DEBUG c.e.m.VishuTrainingProjectApplication -Running with Spring Boot v2.5.3, Spring v5.3.9
2021-08-31 15:02:26 =[restartedMain] INFO  c.e.m.VishuTrainingProjectApplication -No active profile set, falling back to default profiles: default
2021-08-31 15:02:26 =[restartedMain] INFO  c.e.m.VishuTrainingProjectApplication -Starting VishuTrainingProjectApplication using Java 16.0.1 on vishu with PID 18701 (/home/vishu/IDE/sts/Vishu_TrainingProject/target/classes started by vishu in /home/vishu/IDE/sts/Vishu_TrainingProject)
2021-08-31 15:02:26 =[restartedMain] DEBUG c.e.m.VishuTrainingProjectApplication -Running with Spring Boot v2.5.3, Spring v5.3.9
2021-08-31 15:02:26 =[restartedMain] INFO  c.e.m.VishuTrainingProjectApplication -No active profile set, falling back to default profiles: default
2021-08-31 15:02:27 =[restartedMain] INFO  c.e.m.VishuTrainingProjectApplication -Starting VishuTrainingProjectApplication using Java 16.0.1 on vishu with PID 18701 (/home/vishu/IDE/sts/Vishu_TrainingProject/target/classes started by vishu in /home/vishu/IDE/sts/Vishu_TrainingProject)
2021-08-31 15:02:27 =[restartedMain] DEBUG c.e.m.VishuTrainingProjectApplication -Running with Spring Boot v2.5.3, Spring v5.3.9
2021-08-31 15:02:27 =[restartedMain] INFO  c.e.m.VishuTrainingProjectApplication -No active profile set, falling back to default profiles: default
2021-08-31 15:02:27 =[restartedMain] INFO  c.e.m.VishuTrainingProjectApplication -Started VishuTrainingProjectApplication in 0.838 seconds (JVM running for 838.48)
