2021-09-09 11:14:28 =[restartedMain] INFO  c.e.m.VishuTrainingProjectApplication -Starting VishuTrainingProjectApplication using Java 16.0.1 on vishu with PID 8958 (/home/vishu/IDE/sts/Vishu_TrainingProject/target/classes started by vishu in /home/vishu/IDE/sts/Vishu_TrainingProject)
2021-09-09 11:14:28 =[restartedMain] DEBUG c.e.m.VishuTrainingProjectApplication -Running with Spring Boot v2.5.3, Spring v5.3.9
2021-09-09 11:14:28 =[restartedMain] INFO  c.e.m.VishuTrainingProjectApplication -No active profile set, falling back to default profiles: default
2021-09-09 11:14:37 =[restartedMain] INFO  c.e.m.VishuTrainingProjectApplication -Started VishuTrainingProjectApplication in 9.524 seconds (JVM running for 11.512)
2021-09-09 13:28:04 =[restartedMain] INFO  c.e.m.VishuTrainingProjectApplication -Starting VishuTrainingProjectApplication using Java 16.0.1 on vishu with PID 18996 (/home/vishu/IDE/sts/Vishu_TrainingProject/target/classes started by vishu in /home/vishu/IDE/sts/Vishu_TrainingProject)
2021-09-09 13:28:04 =[restartedMain] DEBUG c.e.m.VishuTrainingProjectApplication -Running with Spring Boot v2.5.3, Spring v5.3.9
2021-09-09 13:28:04 =[restartedMain] INFO  c.e.m.VishuTrainingProjectApplication -No active profile set, falling back to default profiles: default
2021-09-09 13:28:11 =[restartedMain] INFO  c.e.m.VishuTrainingProjectApplication -Started VishuTrainingProjectApplication in 7.79 seconds (JVM running for 9.552)
2021-09-09 13:28:13 =[restartedMain] INFO  c.e.m.VishuTrainingProjectApplication -Starting VishuTrainingProjectApplication using Java 16.0.1 on vishu with PID 19085 (/home/vishu/IDE/sts/Vishu_TrainingProject/target/classes started by vishu in /home/vishu/IDE/sts/Vishu_TrainingProject)
2021-09-09 13:28:13 =[restartedMain] DEBUG c.e.m.VishuTrainingProjectApplication -Running with Spring Boot v2.5.3, Spring v5.3.9
2021-09-09 13:28:13 =[restartedMain] INFO  c.e.m.VishuTrainingProjectApplication -No active profile set, falling back to default profiles: default
2021-09-09 13:39:58 =[restartedMain] INFO  c.e.m.VishuTrainingProjectApplication -Starting VishuTrainingProjectApplication using Java 16.0.1 on vishu with PID 18996 (/home/vishu/IDE/sts/Vishu_TrainingProject/target/classes started by vishu in /home/vishu/IDE/sts/Vishu_TrainingProject)
2021-09-09 13:39:58 =[restartedMain] DEBUG c.e.m.VishuTrainingProjectApplication -Running with Spring Boot v2.5.3, Spring v5.3.9
2021-09-09 13:39:58 =[restartedMain] INFO  c.e.m.VishuTrainingProjectApplication -No active profile set, falling back to default profiles: default
2021-09-09 13:39:59 =[restartedMain] INFO  c.e.m.VishuTrainingProjectApplication -Started VishuTrainingProjectApplication in 1.112 seconds (JVM running for 717.603)
2021-09-09 13:40:14 =[restartedMain] INFO  c.e.m.VishuTrainingProjectApplication -Starting VishuTrainingProjectApplication using Java 16.0.1 on vishu with PID 18996 (/home/vishu/IDE/sts/Vishu_TrainingProject/target/classes started by vishu in /home/vishu/IDE/sts/Vishu_TrainingProject)
2021-09-09 13:40:14 =[restartedMain] DEBUG c.e.m.VishuTrainingProjectApplication -Running with Spring Boot v2.5.3, Spring v5.3.9
2021-09-09 13:40:14 =[restartedMain] INFO  c.e.m.VishuTrainingProjectApplication -No active profile set, falling back to default profiles: default
2021-09-09 13:40:15 =[restartedMain] INFO  c.e.m.VishuTrainingProjectApplication -Started VishuTrainingProjectApplication in 0.987 seconds (JVM running for 733.035)
2021-09-09 13:40:41 =[restartedMain] INFO  c.e.m.VishuTrainingProjectApplication -Starting VishuTrainingProjectApplication using Java 16.0.1 on vishu with PID 18996 (/home/vishu/IDE/sts/Vishu_TrainingProject/target/classes started by vishu in /home/vishu/IDE/sts/Vishu_TrainingProject)
2021-09-09 13:40:41 =[restartedMain] DEBUG c.e.m.VishuTrainingProjectApplication -Running with Spring Boot v2.5.3, Spring v5.3.9
2021-09-09 13:40:41 =[restartedMain] INFO  c.e.m.VishuTrainingProjectApplication -No active profile set, falling back to default profiles: default
2021-09-09 13:40:42 =[restartedMain] INFO  c.e.m.VishuTrainingProjectApplication -Started VishuTrainingProjectApplication in 1.073 seconds (JVM running for 760.556)
2021-09-09 13:40:52 =[restartedMain] INFO  c.e.m.VishuTrainingProjectApplication -Starting VishuTrainingProjectApplication using Java 16.0.1 on vishu with PID 18996 (/home/vishu/IDE/sts/Vishu_TrainingProject/target/classes started by vishu in /home/vishu/IDE/sts/Vishu_TrainingProject)
2021-09-09 13:40:52 =[restartedMain] DEBUG c.e.m.VishuTrainingProjectApplication -Running with Spring Boot v2.5.3, Spring v5.3.9
2021-09-09 13:40:52 =[restartedMain] INFO  c.e.m.VishuTrainingProjectApplication -No active profile set, falling back to default profiles: default
2021-09-09 13:40:53 =[restartedMain] INFO  c.e.m.VishuTrainingProjectApplication -Started VishuTrainingProjectApplication in 1.005 seconds (JVM running for 771.987)
2021-09-09 13:42:30 =[restartedMain] INFO  c.e.m.VishuTrainingProjectApplication -Starting VishuTrainingProjectApplication using Java 16.0.1 on vishu with PID 18996 (/home/vishu/IDE/sts/Vishu_TrainingProject/target/classes started by vishu in /home/vishu/IDE/sts/Vishu_TrainingProject)
2021-09-09 13:42:30 =[restartedMain] DEBUG c.e.m.VishuTrainingProjectApplication -Running with Spring Boot v2.5.3, Spring v5.3.9
2021-09-09 13:42:30 =[restartedMain] INFO  c.e.m.VishuTrainingProjectApplication -No active profile set, falling back to default profiles: default
2021-09-09 13:42:31 =[restartedMain] INFO  c.e.m.VishuTrainingProjectApplication -Started VishuTrainingProjectApplication in 1.032 seconds (JVM running for 869.636)
2021-09-09 14:19:52 =[restartedMain] INFO  c.e.m.VishuTrainingProjectApplication -Starting VishuTrainingProjectApplication using Java 16.0.1 on vishu with PID 18996 (/home/vishu/IDE/sts/Vishu_TrainingProject/target/classes started by vishu in /home/vishu/IDE/sts/Vishu_TrainingProject)
2021-09-09 14:19:52 =[restartedMain] DEBUG c.e.m.VishuTrainingProjectApplication -Running with Spring Boot v2.5.3, Spring v5.3.9
2021-09-09 14:19:52 =[restartedMain] INFO  c.e.m.VishuTrainingProjectApplication -No active profile set, falling back to default profiles: default
2021-09-09 14:20:39 =[restartedMain] INFO  c.e.m.VishuTrainingProjectApplication -Starting VishuTrainingProjectApplication using Java 16.0.1 on vishu with PID 18996 (/home/vishu/IDE/sts/Vishu_TrainingProject/target/classes started by vishu in /home/vishu/IDE/sts/Vishu_TrainingProject)
2021-09-09 14:20:39 =[restartedMain] DEBUG c.e.m.VishuTrainingProjectApplication -Running with Spring Boot v2.5.3, Spring v5.3.9
2021-09-09 14:20:39 =[restartedMain] INFO  c.e.m.VishuTrainingProjectApplication -No active profile set, falling back to default profiles: default
2021-09-09 14:21:04 =[restartedMain] INFO  c.e.m.VishuTrainingProjectApplication -Starting VishuTrainingProjectApplication using Java 16.0.1 on vishu with PID 18996 (/home/vishu/IDE/sts/Vishu_TrainingProject/target/classes started by vishu in /home/vishu/IDE/sts/Vishu_TrainingProject)
2021-09-09 14:21:04 =[restartedMain] DEBUG c.e.m.VishuTrainingProjectApplication -Running with Spring Boot v2.5.3, Spring v5.3.9
2021-09-09 14:21:04 =[restartedMain] INFO  c.e.m.VishuTrainingProjectApplication -No active profile set, falling back to default profiles: default
2021-09-09 14:29:02 =[restartedMain] INFO  c.e.m.VishuTrainingProjectApplication -Starting VishuTrainingProjectApplication using Java 16.0.1 on vishu with PID 18996 (/home/vishu/IDE/sts/Vishu_TrainingProject/target/classes started by vishu in /home/vishu/IDE/sts/Vishu_TrainingProject)
2021-09-09 14:29:02 =[restartedMain] DEBUG c.e.m.VishuTrainingProjectApplication -Running with Spring Boot v2.5.3, Spring v5.3.9
2021-09-09 14:29:02 =[restartedMain] INFO  c.e.m.VishuTrainingProjectApplication -No active profile set, falling back to default profiles: default
2021-09-09 14:30:42 =[restartedMain] INFO  c.e.m.VishuTrainingProjectApplication -Starting VishuTrainingProjectApplication using Java 16.0.1 on vishu with PID 18996 (/home/vishu/IDE/sts/Vishu_TrainingProject/target/classes started by vishu in /home/vishu/IDE/sts/Vishu_TrainingProject)
2021-09-09 14:30:42 =[restartedMain] DEBUG c.e.m.VishuTrainingProjectApplication -Running with Spring Boot v2.5.3, Spring v5.3.9
2021-09-09 14:30:42 =[restartedMain] INFO  c.e.m.VishuTrainingProjectApplication -No active profile set, falling back to default profiles: default
2021-09-09 14:35:50 =[restartedMain] INFO  c.e.m.VishuTrainingProjectApplication -Starting VishuTrainingProjectApplication using Java 16.0.1 on vishu with PID 18996 (/home/vishu/IDE/sts/Vishu_TrainingProject/target/classes started by vishu in /home/vishu/IDE/sts/Vishu_TrainingProject)
2021-09-09 14:35:50 =[restartedMain] DEBUG c.e.m.VishuTrainingProjectApplication -Running with Spring Boot v2.5.3, Spring v5.3.9
2021-09-09 14:35:50 =[restartedMain] INFO  c.e.m.VishuTrainingProjectApplication -No active profile set, falling back to default profiles: default
2021-09-09 14:35:51 =[restartedMain] INFO  c.e.m.VishuTrainingProjectApplication -Started VishuTrainingProjectApplication in 1.097 seconds (JVM running for 4069.322)
2021-09-09 14:36:31 =[restartedMain] INFO  c.e.m.VishuTrainingProjectApplication -Starting VishuTrainingProjectApplication using Java 16.0.1 on vishu with PID 18996 (/home/vishu/IDE/sts/Vishu_TrainingProject/target/classes started by vishu in /home/vishu/IDE/sts/Vishu_TrainingProject)
2021-09-09 14:36:31 =[restartedMain] DEBUG c.e.m.VishuTrainingProjectApplication -Running with Spring Boot v2.5.3, Spring v5.3.9
2021-09-09 14:36:31 =[restartedMain] INFO  c.e.m.VishuTrainingProjectApplication -No active profile set, falling back to default profiles: default
2021-09-09 14:36:32 =[restartedMain] INFO  c.e.m.VishuTrainingProjectApplication -Started VishuTrainingProjectApplication in 0.999 seconds (JVM running for 4110.823)
2021-09-09 14:40:56 =[restartedMain] INFO  c.e.m.VishuTrainingProjectApplication -Starting VishuTrainingProjectApplication using Java 16.0.1 on vishu with PID 18996 (/home/vishu/IDE/sts/Vishu_TrainingProject/target/classes started by vishu in /home/vishu/IDE/sts/Vishu_TrainingProject)
2021-09-09 14:40:56 =[restartedMain] DEBUG c.e.m.VishuTrainingProjectApplication -Running with Spring Boot v2.5.3, Spring v5.3.9
2021-09-09 14:40:56 =[restartedMain] INFO  c.e.m.VishuTrainingProjectApplication -No active profile set, falling back to default profiles: default
2021-09-09 14:40:58 =[restartedMain] INFO  c.e.m.VishuTrainingProjectApplication -Started VishuTrainingProjectApplication in 1.193 seconds (JVM running for 4376.089)
2021-09-09 14:42:36 =[restartedMain] INFO  c.e.m.VishuTrainingProjectApplication -Starting VishuTrainingProjectApplication using Java 16.0.1 on vishu with PID 18996 (/home/vishu/IDE/sts/Vishu_TrainingProject/target/classes started by vishu in /home/vishu/IDE/sts/Vishu_TrainingProject)
2021-09-09 14:42:36 =[restartedMain] DEBUG c.e.m.VishuTrainingProjectApplication -Running with Spring Boot v2.5.3, Spring v5.3.9
2021-09-09 14:42:36 =[restartedMain] INFO  c.e.m.VishuTrainingProjectApplication -No active profile set, falling back to default profiles: default
2021-09-09 14:42:37 =[restartedMain] INFO  c.e.m.VishuTrainingProjectApplication -Started VishuTrainingProjectApplication in 1.187 seconds (JVM running for 4475.957)
2021-09-09 14:44:03 =[restartedMain] INFO  c.e.m.VishuTrainingProjectApplication -Starting VishuTrainingProjectApplication using Java 16.0.1 on vishu with PID 18996 (/home/vishu/IDE/sts/Vishu_TrainingProject/target/classes started by vishu in /home/vishu/IDE/sts/Vishu_TrainingProject)
2021-09-09 14:44:03 =[restartedMain] DEBUG c.e.m.VishuTrainingProjectApplication -Running with Spring Boot v2.5.3, Spring v5.3.9
2021-09-09 14:44:03 =[restartedMain] INFO  c.e.m.VishuTrainingProjectApplication -No active profile set, falling back to default profiles: default
2021-09-09 14:44:04 =[restartedMain] INFO  c.e.m.VishuTrainingProjectApplication -Started VishuTrainingProjectApplication in 1.261 seconds (JVM running for 4562.83)
2021-09-09 14:44:26 =[restartedMain] INFO  c.e.m.VishuTrainingProjectApplication -Starting VishuTrainingProjectApplication using Java 16.0.1 on vishu with PID 18996 (/home/vishu/IDE/sts/Vishu_TrainingProject/target/classes started by vishu in /home/vishu/IDE/sts/Vishu_TrainingProject)
2021-09-09 14:44:26 =[restartedMain] DEBUG c.e.m.VishuTrainingProjectApplication -Running with Spring Boot v2.5.3, Spring v5.3.9
2021-09-09 14:44:26 =[restartedMain] INFO  c.e.m.VishuTrainingProjectApplication -No active profile set, falling back to default profiles: default
2021-09-09 14:44:27 =[restartedMain] INFO  c.e.m.VishuTrainingProjectApplication -Started VishuTrainingProjectApplication in 0.913 seconds (JVM running for 4585.213)
2021-09-09 14:46:37 =[restartedMain] INFO  c.e.m.VishuTrainingProjectApplication -Starting VishuTrainingProjectApplication using Java 16.0.1 on vishu with PID 18996 (/home/vishu/IDE/sts/Vishu_TrainingProject/target/classes started by vishu in /home/vishu/IDE/sts/Vishu_TrainingProject)
2021-09-09 14:46:37 =[restartedMain] DEBUG c.e.m.VishuTrainingProjectApplication -Running with Spring Boot v2.5.3, Spring v5.3.9
2021-09-09 14:46:37 =[restartedMain] INFO  c.e.m.VishuTrainingProjectApplication -No active profile set, falling back to default profiles: default
2021-09-09 14:46:38 =[restartedMain] INFO  c.e.m.VishuTrainingProjectApplication -Started VishuTrainingProjectApplication in 0.917 seconds (JVM running for 4716.856)
2021-09-09 15:03:01 =[restartedMain] INFO  c.e.m.VishuTrainingProjectApplication -Starting VishuTrainingProjectApplication using Java 16.0.1 on vishu with PID 18996 (/home/vishu/IDE/sts/Vishu_TrainingProject/target/classes started by vishu in /home/vishu/IDE/sts/Vishu_TrainingProject)
2021-09-09 15:03:01 =[restartedMain] DEBUG c.e.m.VishuTrainingProjectApplication -Running with Spring Boot v2.5.3, Spring v5.3.9
2021-09-09 15:03:01 =[restartedMain] INFO  c.e.m.VishuTrainingProjectApplication -No active profile set, falling back to default profiles: default
2021-09-09 15:03:03 =[restartedMain] INFO  c.e.m.VishuTrainingProjectApplication -Started VishuTrainingProjectApplication in 1.625 seconds (JVM running for 5701.294)
2021-09-09 15:06:32 =[restartedMain] INFO  c.e.m.VishuTrainingProjectApplication -Starting VishuTrainingProjectApplication using Java 16.0.1 on vishu with PID 18996 (/home/vishu/IDE/sts/Vishu_TrainingProject/target/classes started by vishu in /home/vishu/IDE/sts/Vishu_TrainingProject)
2021-09-09 15:06:32 =[restartedMain] DEBUG c.e.m.VishuTrainingProjectApplication -Running with Spring Boot v2.5.3, Spring v5.3.9
2021-09-09 15:06:32 =[restartedMain] INFO  c.e.m.VishuTrainingProjectApplication -No active profile set, falling back to default profiles: default
2021-09-09 15:06:33 =[restartedMain] INFO  c.e.m.VishuTrainingProjectApplication -Started VishuTrainingProjectApplication in 0.971 seconds (JVM running for 5911.178)
2021-09-09 15:11:31 =[restartedMain] INFO  c.e.m.VishuTrainingProjectApplication -Starting VishuTrainingProjectApplication using Java 16.0.1 on vishu with PID 18996 (/home/vishu/IDE/sts/Vishu_TrainingProject/target/classes started by vishu in /home/vishu/IDE/sts/Vishu_TrainingProject)
2021-09-09 15:11:31 =[restartedMain] DEBUG c.e.m.VishuTrainingProjectApplication -Running with Spring Boot v2.5.3, Spring v5.3.9
2021-09-09 15:11:31 =[restartedMain] INFO  c.e.m.VishuTrainingProjectApplication -No active profile set, falling back to default profiles: default
2021-09-09 15:11:32 =[restartedMain] INFO  c.e.m.VishuTrainingProjectApplication -Started VishuTrainingProjectApplication in 0.98 seconds (JVM running for 6210.24)
2021-09-09 15:30:15 =[restartedMain] INFO  c.e.m.VishuTrainingProjectApplication -Starting VishuTrainingProjectApplication using Java 16.0.1 on vishu with PID 18996 (/home/vishu/IDE/sts/Vishu_TrainingProject/target/classes started by vishu in /home/vishu/IDE/sts/Vishu_TrainingProject)
2021-09-09 15:30:15 =[restartedMain] DEBUG c.e.m.VishuTrainingProjectApplication -Running with Spring Boot v2.5.3, Spring v5.3.9
2021-09-09 15:30:15 =[restartedMain] INFO  c.e.m.VishuTrainingProjectApplication -No active profile set, falling back to default profiles: default
2021-09-09 15:30:16 =[restartedMain] INFO  c.e.m.VishuTrainingProjectApplication -Started VishuTrainingProjectApplication in 1.381 seconds (JVM running for 7334.66)
2021-09-09 15:45:17 =[restartedMain] INFO  c.e.m.VishuTrainingProjectApplication -Starting VishuTrainingProjectApplication using Java 16.0.1 on vishu with PID 18996 (/home/vishu/IDE/sts/Vishu_TrainingProject/target/classes started by vishu in /home/vishu/IDE/sts/Vishu_TrainingProject)
2021-09-09 15:45:17 =[restartedMain] DEBUG c.e.m.VishuTrainingProjectApplication -Running with Spring Boot v2.5.3, Spring v5.3.9
2021-09-09 15:45:17 =[restartedMain] INFO  c.e.m.VishuTrainingProjectApplication -No active profile set, falling back to default profiles: default
2021-09-09 15:45:18 =[restartedMain] INFO  c.e.m.VishuTrainingProjectApplication -Started VishuTrainingProjectApplication in 0.979 seconds (JVM running for 8236.196)
2021-09-09 16:00:19 =[restartedMain] INFO  c.e.m.VishuTrainingProjectApplication -Starting VishuTrainingProjectApplication using Java 16.0.1 on vishu with PID 18996 (/home/vishu/IDE/sts/Vishu_TrainingProject/target/classes started by vishu in /home/vishu/IDE/sts/Vishu_TrainingProject)
2021-09-09 16:00:19 =[restartedMain] DEBUG c.e.m.VishuTrainingProjectApplication -Running with Spring Boot v2.5.3, Spring v5.3.9
2021-09-09 16:00:19 =[restartedMain] INFO  c.e.m.VishuTrainingProjectApplication -No active profile set, falling back to default profiles: default
2021-09-09 16:00:20 =[restartedMain] INFO  c.e.m.VishuTrainingProjectApplication -Started VishuTrainingProjectApplication in 0.943 seconds (JVM running for 9138.686)
2021-09-09 16:04:00 =[restartedMain] INFO  c.e.m.VishuTrainingProjectApplication -Starting VishuTrainingProjectApplication using Java 16.0.1 on vishu with PID 18996 (/home/vishu/IDE/sts/Vishu_TrainingProject/target/classes started by vishu in /home/vishu/IDE/sts/Vishu_TrainingProject)
2021-09-09 16:04:00 =[restartedMain] DEBUG c.e.m.VishuTrainingProjectApplication -Running with Spring Boot v2.5.3, Spring v5.3.9
2021-09-09 16:04:00 =[restartedMain] INFO  c.e.m.VishuTrainingProjectApplication -No active profile set, falling back to default profiles: default
2021-09-09 16:04:01 =[restartedMain] INFO  c.e.m.VishuTrainingProjectApplication -Started VishuTrainingProjectApplication in 0.969 seconds (JVM running for 9359.548)
2021-09-09 16:05:52 =[restartedMain] INFO  c.e.m.VishuTrainingProjectApplication -Starting VishuTrainingProjectApplication using Java 16.0.1 on vishu with PID 18996 (/home/vishu/IDE/sts/Vishu_TrainingProject/target/classes started by vishu in /home/vishu/IDE/sts/Vishu_TrainingProject)
2021-09-09 16:05:52 =[restartedMain] DEBUG c.e.m.VishuTrainingProjectApplication -Running with Spring Boot v2.5.3, Spring v5.3.9
2021-09-09 16:05:52 =[restartedMain] INFO  c.e.m.VishuTrainingProjectApplication -No active profile set, falling back to default profiles: default
2021-09-09 16:05:53 =[restartedMain] INFO  c.e.m.VishuTrainingProjectApplication -Started VishuTrainingProjectApplication in 0.976 seconds (JVM running for 9471.203)
2021-09-09 16:11:27 =[restartedMain] INFO  c.e.m.VishuTrainingProjectApplication -Starting VishuTrainingProjectApplication using Java 16.0.1 on vishu with PID 18996 (/home/vishu/IDE/sts/Vishu_TrainingProject/target/classes started by vishu in /home/vishu/IDE/sts/Vishu_TrainingProject)
2021-09-09 16:11:27 =[restartedMain] DEBUG c.e.m.VishuTrainingProjectApplication -Running with Spring Boot v2.5.3, Spring v5.3.9
2021-09-09 16:11:27 =[restartedMain] INFO  c.e.m.VishuTrainingProjectApplication -No active profile set, falling back to default profiles: default
2021-09-09 16:11:28 =[restartedMain] INFO  c.e.m.VishuTrainingProjectApplication -Started VishuTrainingProjectApplication in 1.005 seconds (JVM running for 9806.388)
2021-09-09 16:11:48 =[restartedMain] INFO  c.e.m.VishuTrainingProjectApplication -Starting VishuTrainingProjectApplication using Java 16.0.1 on vishu with PID 18996 (/home/vishu/IDE/sts/Vishu_TrainingProject/target/classes started by vishu in /home/vishu/IDE/sts/Vishu_TrainingProject)
2021-09-09 16:11:48 =[restartedMain] DEBUG c.e.m.VishuTrainingProjectApplication -Running with Spring Boot v2.5.3, Spring v5.3.9
2021-09-09 16:11:48 =[restartedMain] INFO  c.e.m.VishuTrainingProjectApplication -No active profile set, falling back to default profiles: default
2021-09-09 16:11:49 =[restartedMain] INFO  c.e.m.VishuTrainingProjectApplication -Started VishuTrainingProjectApplication in 0.949 seconds (JVM running for 9827.803)
2021-09-09 16:14:45 =[restartedMain] INFO  c.e.m.VishuTrainingProjectApplication -Starting VishuTrainingProjectApplication using Java 16.0.1 on vishu with PID 18996 (/home/vishu/IDE/sts/Vishu_TrainingProject/target/classes started by vishu in /home/vishu/IDE/sts/Vishu_TrainingProject)
2021-09-09 16:14:45 =[restartedMain] DEBUG c.e.m.VishuTrainingProjectApplication -Running with Spring Boot v2.5.3, Spring v5.3.9
2021-09-09 16:14:45 =[restartedMain] INFO  c.e.m.VishuTrainingProjectApplication -No active profile set, falling back to default profiles: default
2021-09-09 16:14:46 =[restartedMain] INFO  c.e.m.VishuTrainingProjectApplication -Started VishuTrainingProjectApplication in 0.886 seconds (JVM running for 10004.531)
2021-09-09 16:15:27 =[restartedMain] INFO  c.e.m.VishuTrainingProjectApplication -Starting VishuTrainingProjectApplication using Java 16.0.1 on vishu with PID 18996 (/home/vishu/IDE/sts/Vishu_TrainingProject/target/classes started by vishu in /home/vishu/IDE/sts/Vishu_TrainingProject)
2021-09-09 16:15:27 =[restartedMain] DEBUG c.e.m.VishuTrainingProjectApplication -Running with Spring Boot v2.5.3, Spring v5.3.9
2021-09-09 16:15:27 =[restartedMain] INFO  c.e.m.VishuTrainingProjectApplication -No active profile set, falling back to default profiles: default
2021-09-09 16:15:28 =[restartedMain] INFO  c.e.m.VishuTrainingProjectApplication -Started VishuTrainingProjectApplication in 1.003 seconds (JVM running for 10046.061)
2021-09-09 16:17:27 =[restartedMain] INFO  c.e.m.VishuTrainingProjectApplication -Starting VishuTrainingProjectApplication using Java 16.0.1 on vishu with PID 18996 (/home/vishu/IDE/sts/Vishu_TrainingProject/target/classes started by vishu in /home/vishu/IDE/sts/Vishu_TrainingProject)
2021-09-09 16:17:27 =[restartedMain] DEBUG c.e.m.VishuTrainingProjectApplication -Running with Spring Boot v2.5.3, Spring v5.3.9
2021-09-09 16:17:27 =[restartedMain] INFO  c.e.m.VishuTrainingProjectApplication -No active profile set, falling back to default profiles: default
2021-09-09 16:17:28 =[restartedMain] INFO  c.e.m.VishuTrainingProjectApplication -Started VishuTrainingProjectApplication in 1.027 seconds (JVM running for 10166.825)
2021-09-09 16:18:09 =[restartedMain] INFO  c.e.m.VishuTrainingProjectApplication -Starting VishuTrainingProjectApplication using Java 16.0.1 on vishu with PID 18996 (/home/vishu/IDE/sts/Vishu_TrainingProject/target/classes started by vishu in /home/vishu/IDE/sts/Vishu_TrainingProject)
2021-09-09 16:18:09 =[restartedMain] DEBUG c.e.m.VishuTrainingProjectApplication -Running with Spring Boot v2.5.3, Spring v5.3.9
2021-09-09 16:18:09 =[restartedMain] INFO  c.e.m.VishuTrainingProjectApplication -No active profile set, falling back to default profiles: default
2021-09-09 16:18:10 =[restartedMain] INFO  c.e.m.VishuTrainingProjectApplication -Started VishuTrainingProjectApplication in 0.951 seconds (JVM running for 10208.305)
2021-09-09 16:18:25 =[restartedMain] INFO  c.e.m.VishuTrainingProjectApplication -Starting VishuTrainingProjectApplication using Java 16.0.1 on vishu with PID 18996 (/home/vishu/IDE/sts/Vishu_TrainingProject/target/classes started by vishu in /home/vishu/IDE/sts/Vishu_TrainingProject)
2021-09-09 16:18:25 =[restartedMain] DEBUG c.e.m.VishuTrainingProjectApplication -Running with Spring Boot v2.5.3, Spring v5.3.9
2021-09-09 16:18:25 =[restartedMain] INFO  c.e.m.VishuTrainingProjectApplication -No active profile set, falling back to default profiles: default
2021-09-09 16:18:26 =[restartedMain] INFO  c.e.m.VishuTrainingProjectApplication -Started VishuTrainingProjectApplication in 0.911 seconds (JVM running for 10224.703)
2021-09-09 16:31:15 =[restartedMain] INFO  c.e.m.VishuTrainingProjectApplication -Starting VishuTrainingProjectApplication using Java 16.0.1 on vishu with PID 18996 (/home/vishu/IDE/sts/Vishu_TrainingProject/target/classes started by vishu in /home/vishu/IDE/sts/Vishu_TrainingProject)
2021-09-09 16:31:15 =[restartedMain] DEBUG c.e.m.VishuTrainingProjectApplication -Running with Spring Boot v2.5.3, Spring v5.3.9
2021-09-09 16:31:15 =[restartedMain] INFO  c.e.m.VishuTrainingProjectApplication -No active profile set, falling back to default profiles: default
2021-09-09 16:31:17 =[restartedMain] INFO  c.e.m.VishuTrainingProjectApplication -Started VishuTrainingProjectApplication in 1.356 seconds (JVM running for 10995.298)
2021-09-09 16:31:21 =[restartedMain] INFO  c.e.m.VishuTrainingProjectApplication -Starting VishuTrainingProjectApplication using Java 16.0.1 on vishu with PID 18996 (/home/vishu/IDE/sts/Vishu_TrainingProject/target/classes started by vishu in /home/vishu/IDE/sts/Vishu_TrainingProject)
2021-09-09 16:31:21 =[restartedMain] DEBUG c.e.m.VishuTrainingProjectApplication -Running with Spring Boot v2.5.3, Spring v5.3.9
2021-09-09 16:31:21 =[restartedMain] INFO  c.e.m.VishuTrainingProjectApplication -No active profile set, falling back to default profiles: default
2021-09-09 16:31:22 =[restartedMain] INFO  c.e.m.VishuTrainingProjectApplication -Started VishuTrainingProjectApplication in 1.058 seconds (JVM running for 11000.799)
2021-09-09 16:31:51 =[restartedMain] INFO  c.e.m.VishuTrainingProjectApplication -Starting VishuTrainingProjectApplication using Java 16.0.1 on vishu with PID 18996 (/home/vishu/IDE/sts/Vishu_TrainingProject/target/classes started by vishu in /home/vishu/IDE/sts/Vishu_TrainingProject)
2021-09-09 16:31:51 =[restartedMain] DEBUG c.e.m.VishuTrainingProjectApplication -Running with Spring Boot v2.5.3, Spring v5.3.9
2021-09-09 16:31:51 =[restartedMain] INFO  c.e.m.VishuTrainingProjectApplication -No active profile set, falling back to default profiles: default
2021-09-09 16:31:52 =[restartedMain] INFO  c.e.m.VishuTrainingProjectApplication -Started VishuTrainingProjectApplication in 0.94 seconds (JVM running for 11030.232)
2021-09-09 16:32:52 =[restartedMain] INFO  c.e.m.VishuTrainingProjectApplication -Starting VishuTrainingProjectApplication using Java 16.0.1 on vishu with PID 18996 (/home/vishu/IDE/sts/Vishu_TrainingProject/target/classes started by vishu in /home/vishu/IDE/sts/Vishu_TrainingProject)
2021-09-09 16:32:52 =[restartedMain] DEBUG c.e.m.VishuTrainingProjectApplication -Running with Spring Boot v2.5.3, Spring v5.3.9
2021-09-09 16:32:52 =[restartedMain] INFO  c.e.m.VishuTrainingProjectApplication -No active profile set, falling back to default profiles: default
2021-09-09 16:32:53 =[restartedMain] INFO  c.e.m.VishuTrainingProjectApplication -Started VishuTrainingProjectApplication in 1.039 seconds (JVM running for 11091.891)
2021-09-09 16:35:07 =[restartedMain] INFO  c.e.m.VishuTrainingProjectApplication -Starting VishuTrainingProjectApplication using Java 16.0.1 on vishu with PID 18996 (/home/vishu/IDE/sts/Vishu_TrainingProject/target/classes started by vishu in /home/vishu/IDE/sts/Vishu_TrainingProject)
2021-09-09 16:35:07 =[restartedMain] DEBUG c.e.m.VishuTrainingProjectApplication -Running with Spring Boot v2.5.3, Spring v5.3.9
2021-09-09 16:35:07 =[restartedMain] INFO  c.e.m.VishuTrainingProjectApplication -No active profile set, falling back to default profiles: default
2021-09-09 16:35:08 =[restartedMain] INFO  c.e.m.VishuTrainingProjectApplication -Started VishuTrainingProjectApplication in 0.932 seconds (JVM running for 11226.548)
2021-09-09 16:35:23 =[restartedMain] INFO  c.e.m.VishuTrainingProjectApplication -Starting VishuTrainingProjectApplication using Java 16.0.1 on vishu with PID 28921 (/home/vishu/IDE/sts/Vishu_TrainingProject/target/classes started by vishu in /home/vishu/IDE/sts/Vishu_TrainingProject)
2021-09-09 16:35:23 =[restartedMain] DEBUG c.e.m.VishuTrainingProjectApplication -Running with Spring Boot v2.5.3, Spring v5.3.9
2021-09-09 16:35:23 =[restartedMain] INFO  c.e.m.VishuTrainingProjectApplication -No active profile set, falling back to default profiles: default
2021-09-09 16:35:29 =[restartedMain] INFO  c.e.m.VishuTrainingProjectApplication -Started VishuTrainingProjectApplication in 6.765 seconds (JVM running for 8.848)
2021-09-09 16:37:11 =[restartedMain] INFO  c.e.m.VishuTrainingProjectApplication -Starting VishuTrainingProjectApplication using Java 16.0.1 on vishu with PID 28921 (/home/vishu/IDE/sts/Vishu_TrainingProject/target/classes started by vishu in /home/vishu/IDE/sts/Vishu_TrainingProject)
2021-09-09 16:37:11 =[restartedMain] DEBUG c.e.m.VishuTrainingProjectApplication -Running with Spring Boot v2.5.3, Spring v5.3.9
2021-09-09 16:37:11 =[restartedMain] INFO  c.e.m.VishuTrainingProjectApplication -No active profile set, falling back to default profiles: default
2021-09-09 16:37:13 =[restartedMain] INFO  c.e.m.VishuTrainingProjectApplication -Started VishuTrainingProjectApplication in 1.205 seconds (JVM running for 112.558)
2021-09-09 16:38:03 =[restartedMain] INFO  c.e.m.VishuTrainingProjectApplication -Starting VishuTrainingProjectApplication using Java 16.0.1 on vishu with PID 28921 (/home/vishu/IDE/sts/Vishu_TrainingProject/target/classes started by vishu in /home/vishu/IDE/sts/Vishu_TrainingProject)
2021-09-09 16:38:03 =[restartedMain] DEBUG c.e.m.VishuTrainingProjectApplication -Running with Spring Boot v2.5.3, Spring v5.3.9
2021-09-09 16:38:03 =[restartedMain] INFO  c.e.m.VishuTrainingProjectApplication -No active profile set, falling back to default profiles: default
2021-09-09 16:38:04 =[restartedMain] INFO  c.e.m.VishuTrainingProjectApplication -Started VishuTrainingProjectApplication in 1.116 seconds (JVM running for 164.266)
2021-09-09 16:38:16 =[restartedMain] INFO  c.e.m.VishuTrainingProjectApplication -Starting VishuTrainingProjectApplication using Java 16.0.1 on vishu with PID 28921 (/home/vishu/IDE/sts/Vishu_TrainingProject/target/classes started by vishu in /home/vishu/IDE/sts/Vishu_TrainingProject)
2021-09-09 16:38:16 =[restartedMain] DEBUG c.e.m.VishuTrainingProjectApplication -Running with Spring Boot v2.5.3, Spring v5.3.9
2021-09-09 16:38:16 =[restartedMain] INFO  c.e.m.VishuTrainingProjectApplication -No active profile set, falling back to default profiles: default
2021-09-09 16:38:17 =[restartedMain] INFO  c.e.m.VishuTrainingProjectApplication -Started VishuTrainingProjectApplication in 1.344 seconds (JVM running for 177.014)
2021-09-09 16:39:08 =[restartedMain] INFO  c.e.m.VishuTrainingProjectApplication -Starting VishuTrainingProjectApplication using Java 16.0.1 on vishu with PID 28921 (/home/vishu/IDE/sts/Vishu_TrainingProject/target/classes started by vishu in /home/vishu/IDE/sts/Vishu_TrainingProject)
2021-09-09 16:39:08 =[restartedMain] DEBUG c.e.m.VishuTrainingProjectApplication -Running with Spring Boot v2.5.3, Spring v5.3.9
2021-09-09 16:39:08 =[restartedMain] INFO  c.e.m.VishuTrainingProjectApplication -No active profile set, falling back to default profiles: default
2021-09-09 16:39:09 =[restartedMain] INFO  c.e.m.VishuTrainingProjectApplication -Started VishuTrainingProjectApplication in 1.105 seconds (JVM running for 228.599)
2021-09-09 16:39:29 =[restartedMain] INFO  c.e.m.VishuTrainingProjectApplication -Starting VishuTrainingProjectApplication using Java 16.0.1 on vishu with PID 28921 (/home/vishu/IDE/sts/Vishu_TrainingProject/target/classes started by vishu in /home/vishu/IDE/sts/Vishu_TrainingProject)
2021-09-09 16:39:29 =[restartedMain] DEBUG c.e.m.VishuTrainingProjectApplication -Running with Spring Boot v2.5.3, Spring v5.3.9
2021-09-09 16:39:29 =[restartedMain] INFO  c.e.m.VishuTrainingProjectApplication -No active profile set, falling back to default profiles: default
2021-09-09 16:39:30 =[restartedMain] INFO  c.e.m.VishuTrainingProjectApplication -Started VishuTrainingProjectApplication in 1.089 seconds (JVM running for 250.127)
2021-09-09 16:44:41 =[restartedMain] INFO  c.e.m.VishuTrainingProjectApplication -Starting VishuTrainingProjectApplication using Java 16.0.1 on vishu with PID 28921 (/home/vishu/IDE/sts/Vishu_TrainingProject/target/classes started by vishu in /home/vishu/IDE/sts/Vishu_TrainingProject)
2021-09-09 16:44:41 =[restartedMain] DEBUG c.e.m.VishuTrainingProjectApplication -Running with Spring Boot v2.5.3, Spring v5.3.9
2021-09-09 16:44:41 =[restartedMain] INFO  c.e.m.VishuTrainingProjectApplication -No active profile set, falling back to default profiles: default
2021-09-09 16:44:42 =[restartedMain] INFO  c.e.m.VishuTrainingProjectApplication -Started VishuTrainingProjectApplication in 1.058 seconds (JVM running for 562.296)
2021-09-09 16:45:32 =[restartedMain] INFO  c.e.m.VishuTrainingProjectApplication -Starting VishuTrainingProjectApplication using Java 16.0.1 on vishu with PID 28921 (/home/vishu/IDE/sts/Vishu_TrainingProject/target/classes started by vishu in /home/vishu/IDE/sts/Vishu_TrainingProject)
2021-09-09 16:45:32 =[restartedMain] DEBUG c.e.m.VishuTrainingProjectApplication -Running with Spring Boot v2.5.3, Spring v5.3.9
2021-09-09 16:45:32 =[restartedMain] INFO  c.e.m.VishuTrainingProjectApplication -No active profile set, falling back to default profiles: default
2021-09-09 16:45:33 =[restartedMain] INFO  c.e.m.VishuTrainingProjectApplication -Started VishuTrainingProjectApplication in 1.078 seconds (JVM running for 612.866)
2021-09-09 17:05:08 =[restartedMain] INFO  c.e.m.VishuTrainingProjectApplication -Starting VishuTrainingProjectApplication using Java 16.0.1 on vishu with PID 31440 (/home/vishu/IDE/sts/Vishu_TrainingProject/target/classes started by vishu in /home/vishu/IDE/sts/Vishu_TrainingProject)
2021-09-09 17:05:08 =[restartedMain] DEBUG c.e.m.VishuTrainingProjectApplication -Running with Spring Boot v2.5.3, Spring v5.3.9
2021-09-09 17:05:08 =[restartedMain] INFO  c.e.m.VishuTrainingProjectApplication -No active profile set, falling back to default profiles: default
2021-09-09 17:05:13 =[restartedMain] INFO  c.e.m.VishuTrainingProjectApplication -Started VishuTrainingProjectApplication in 5.725 seconds (JVM running for 6.935)
2021-09-09 17:06:24 =[restartedMain] INFO  c.e.m.VishuTrainingProjectApplication -Starting VishuTrainingProjectApplication using Java 16.0.1 on vishu with PID 31440 (/home/vishu/IDE/sts/Vishu_TrainingProject/target/classes started by vishu in /home/vishu/IDE/sts/Vishu_TrainingProject)
2021-09-09 17:06:24 =[restartedMain] DEBUG c.e.m.VishuTrainingProjectApplication -Running with Spring Boot v2.5.3, Spring v5.3.9
2021-09-09 17:06:24 =[restartedMain] INFO  c.e.m.VishuTrainingProjectApplication -No active profile set, falling back to default profiles: default
2021-09-09 17:06:26 =[restartedMain] INFO  c.e.m.VishuTrainingProjectApplication -Started VishuTrainingProjectApplication in 1.199 seconds (JVM running for 79.47)
2021-09-09 17:10:50 =[restartedMain] INFO  c.e.m.VishuTrainingProjectApplication -Starting VishuTrainingProjectApplication using Java 16.0.1 on vishu with PID 31440 (/home/vishu/IDE/sts/Vishu_TrainingProject/target/classes started by vishu in /home/vishu/IDE/sts/Vishu_TrainingProject)
2021-09-09 17:10:50 =[restartedMain] DEBUG c.e.m.VishuTrainingProjectApplication -Running with Spring Boot v2.5.3, Spring v5.3.9
2021-09-09 17:10:50 =[restartedMain] INFO  c.e.m.VishuTrainingProjectApplication -No active profile set, falling back to default profiles: default
2021-09-09 17:10:51 =[restartedMain] INFO  c.e.m.VishuTrainingProjectApplication -Started VishuTrainingProjectApplication in 1.263 seconds (JVM running for 344.717)
2021-09-09 17:11:07 =[restartedMain] INFO  c.e.m.VishuTrainingProjectApplication -Starting VishuTrainingProjectApplication using Java 16.0.1 on vishu with PID 31440 (/home/vishu/IDE/sts/Vishu_TrainingProject/target/classes started by vishu in /home/vishu/IDE/sts/Vishu_TrainingProject)
2021-09-09 17:11:07 =[restartedMain] DEBUG c.e.m.VishuTrainingProjectApplication -Running with Spring Boot v2.5.3, Spring v5.3.9
2021-09-09 17:11:07 =[restartedMain] INFO  c.e.m.VishuTrainingProjectApplication -No active profile set, falling back to default profiles: default
2021-09-09 17:11:08 =[restartedMain] INFO  c.e.m.VishuTrainingProjectApplication -Started VishuTrainingProjectApplication in 1.096 seconds (JVM running for 362.249)
2021-09-09 17:15:35 =[restartedMain] INFO  c.e.m.VishuTrainingProjectApplication -Starting VishuTrainingProjectApplication using Java 16.0.1 on vishu with PID 31440 (/home/vishu/IDE/sts/Vishu_TrainingProject/target/classes started by vishu in /home/vishu/IDE/sts/Vishu_TrainingProject)
2021-09-09 17:15:35 =[restartedMain] DEBUG c.e.m.VishuTrainingProjectApplication -Running with Spring Boot v2.5.3, Spring v5.3.9
2021-09-09 17:15:35 =[restartedMain] INFO  c.e.m.VishuTrainingProjectApplication -No active profile set, falling back to default profiles: default
2021-09-09 17:15:37 =[restartedMain] INFO  c.e.m.VishuTrainingProjectApplication -Started VishuTrainingProjectApplication in 1.252 seconds (JVM running for 630.504)
2021-09-09 17:17:05 =[restartedMain] INFO  c.e.m.VishuTrainingProjectApplication -Starting VishuTrainingProjectApplication using Java 16.0.1 on vishu with PID 31440 (/home/vishu/IDE/sts/Vishu_TrainingProject/target/classes started by vishu in /home/vishu/IDE/sts/Vishu_TrainingProject)
2021-09-09 17:17:05 =[restartedMain] DEBUG c.e.m.VishuTrainingProjectApplication -Running with Spring Boot v2.5.3, Spring v5.3.9
2021-09-09 17:17:05 =[restartedMain] INFO  c.e.m.VishuTrainingProjectApplication -No active profile set, falling back to default profiles: default
2021-09-09 17:17:06 =[restartedMain] INFO  c.e.m.VishuTrainingProjectApplication -Started VishuTrainingProjectApplication in 1.133 seconds (JVM running for 720.18)
2021-09-09 17:17:49 =[restartedMain] INFO  c.e.m.VishuTrainingProjectApplication -Starting VishuTrainingProjectApplication using Java 16.0.1 on vishu with PID 31440 (/home/vishu/IDE/sts/Vishu_TrainingProject/target/classes started by vishu in /home/vishu/IDE/sts/Vishu_TrainingProject)
2021-09-09 17:17:49 =[restartedMain] DEBUG c.e.m.VishuTrainingProjectApplication -Running with Spring Boot v2.5.3, Spring v5.3.9
2021-09-09 17:17:49 =[restartedMain] INFO  c.e.m.VishuTrainingProjectApplication -No active profile set, falling back to default profiles: default
2021-09-09 17:17:50 =[restartedMain] INFO  c.e.m.VishuTrainingProjectApplication -Started VishuTrainingProjectApplication in 1.163 seconds (JVM running for 763.895)
2021-09-09 17:19:31 =[restartedMain] INFO  c.e.m.VishuTrainingProjectApplication -Starting VishuTrainingProjectApplication using Java 16.0.1 on vishu with PID 31440 (/home/vishu/IDE/sts/Vishu_TrainingProject/target/classes started by vishu in /home/vishu/IDE/sts/Vishu_TrainingProject)
2021-09-09 17:19:31 =[restartedMain] DEBUG c.e.m.VishuTrainingProjectApplication -Running with Spring Boot v2.5.3, Spring v5.3.9
2021-09-09 17:19:31 =[restartedMain] INFO  c.e.m.VishuTrainingProjectApplication -No active profile set, falling back to default profiles: default
2021-09-09 17:19:32 =[restartedMain] INFO  c.e.m.VishuTrainingProjectApplication -Started VishuTrainingProjectApplication in 1.131 seconds (JVM running for 865.641)
2021-09-09 17:20:13 =[restartedMain] INFO  c.e.m.VishuTrainingProjectApplication -Starting VishuTrainingProjectApplication using Java 16.0.1 on vishu with PID 31440 (/home/vishu/IDE/sts/Vishu_TrainingProject/target/classes started by vishu in /home/vishu/IDE/sts/Vishu_TrainingProject)
2021-09-09 17:20:13 =[restartedMain] DEBUG c.e.m.VishuTrainingProjectApplication -Running with Spring Boot v2.5.3, Spring v5.3.9
2021-09-09 17:20:13 =[restartedMain] INFO  c.e.m.VishuTrainingProjectApplication -No active profile set, falling back to default profiles: default
2021-09-09 17:20:14 =[restartedMain] INFO  c.e.m.VishuTrainingProjectApplication -Started VishuTrainingProjectApplication in 1.145 seconds (JVM running for 908.291)
