2021-08-26 11:08:07 =[restartedMain] INFO  c.e.m.VishuTrainingProjectApplication -Starting VishuTrainingProjectApplication using Java 16.0.1 on vishu with PID 6369 (/home/vishu/IDE/sts/Vishu_TrainingProject/target/classes started by vishu in /home/vishu/IDE/sts/Vishu_TrainingProject)
2021-08-26 11:08:07 =[restartedMain] DEBUG c.e.m.VishuTrainingProjectApplication -Running with Spring Boot v2.5.3, Spring v5.3.9
2021-08-26 11:08:07 =[restartedMain] INFO  c.e.m.VishuTrainingProjectApplication -No active profile set, falling back to default profiles: default
2021-08-26 11:08:13 =[restartedMain] INFO  c.e.m.VishuTrainingProjectApplication -Started VishuTrainingProjectApplication in 6.086 seconds (JVM running for 8.296)
2021-08-26 11:13:36 =[restartedMain] INFO  c.e.m.VishuTrainingProjectApplication -Starting VishuTrainingProjectApplication using Java 16.0.1 on vishu with PID 6369 (/home/vishu/IDE/sts/Vishu_TrainingProject/target/classes started by vishu in /home/vishu/IDE/sts/Vishu_TrainingProject)
2021-08-26 11:13:36 =[restartedMain] DEBUG c.e.m.VishuTrainingProjectApplication -Running with Spring Boot v2.5.3, Spring v5.3.9
2021-08-26 11:13:36 =[restartedMain] INFO  c.e.m.VishuTrainingProjectApplication -No active profile set, falling back to default profiles: default
2021-08-26 11:13:36 =[restartedMain] INFO  c.e.m.VishuTrainingProjectApplication -Started VishuTrainingProjectApplication in 0.736 seconds (JVM running for 331.746)
2021-08-26 11:14:31 =[restartedMain] INFO  c.e.m.VishuTrainingProjectApplication -Starting VishuTrainingProjectApplication using Java 16.0.1 on vishu with PID 6369 (/home/vishu/IDE/sts/Vishu_TrainingProject/target/classes started by vishu in /home/vishu/IDE/sts/Vishu_TrainingProject)
2021-08-26 11:14:31 =[restartedMain] DEBUG c.e.m.VishuTrainingProjectApplication -Running with Spring Boot v2.5.3, Spring v5.3.9
2021-08-26 11:14:31 =[restartedMain] INFO  c.e.m.VishuTrainingProjectApplication -No active profile set, falling back to default profiles: default
2021-08-26 11:14:32 =[restartedMain] INFO  c.e.m.VishuTrainingProjectApplication -Started VishuTrainingProjectApplication in 0.736 seconds (JVM running for 386.942)
2021-08-26 11:15:13 =[restartedMain] INFO  c.e.m.VishuTrainingProjectApplication -Starting VishuTrainingProjectApplication using Java 16.0.1 on vishu with PID 6369 (/home/vishu/IDE/sts/Vishu_TrainingProject/target/classes started by vishu in /home/vishu/IDE/sts/Vishu_TrainingProject)
2021-08-26 11:15:13 =[restartedMain] DEBUG c.e.m.VishuTrainingProjectApplication -Running with Spring Boot v2.5.3, Spring v5.3.9
2021-08-26 11:15:13 =[restartedMain] INFO  c.e.m.VishuTrainingProjectApplication -No active profile set, falling back to default profiles: default
2021-08-26 11:15:14 =[restartedMain] INFO  c.e.m.VishuTrainingProjectApplication -Started VishuTrainingProjectApplication in 0.616 seconds (JVM running for 429.021)
2021-08-26 11:26:16 =[restartedMain] INFO  c.e.m.VishuTrainingProjectApplication -Starting VishuTrainingProjectApplication using Java 16.0.1 on vishu with PID 6369 (/home/vishu/IDE/sts/Vishu_TrainingProject/target/classes started by vishu in /home/vishu/IDE/sts/Vishu_TrainingProject)
2021-08-26 11:26:16 =[restartedMain] DEBUG c.e.m.VishuTrainingProjectApplication -Running with Spring Boot v2.5.3, Spring v5.3.9
2021-08-26 11:26:16 =[restartedMain] INFO  c.e.m.VishuTrainingProjectApplication -No active profile set, falling back to default profiles: default
2021-08-26 11:26:17 =[restartedMain] INFO  c.e.m.VishuTrainingProjectApplication -Started VishuTrainingProjectApplication in 0.546 seconds (JVM running for 1092.088)
2021-08-26 11:30:21 =[restartedMain] INFO  c.e.m.VishuTrainingProjectApplication -Starting VishuTrainingProjectApplication using Java 16.0.1 on vishu with PID 6369 (/home/vishu/IDE/sts/Vishu_TrainingProject/target/classes started by vishu in /home/vishu/IDE/sts/Vishu_TrainingProject)
2021-08-26 11:30:21 =[restartedMain] DEBUG c.e.m.VishuTrainingProjectApplication -Running with Spring Boot v2.5.3, Spring v5.3.9
2021-08-26 11:30:21 =[restartedMain] INFO  c.e.m.VishuTrainingProjectApplication -No active profile set, falling back to default profiles: default
2021-08-26 11:30:21 =[restartedMain] INFO  c.e.m.VishuTrainingProjectApplication -Started VishuTrainingProjectApplication in 0.704 seconds (JVM running for 1336.575)
2021-08-26 12:22:26 =[restartedMain] INFO  c.e.m.VishuTrainingProjectApplication -Starting VishuTrainingProjectApplication using Java 16.0.1 on vishu with PID 6369 (/home/vishu/IDE/sts/Vishu_TrainingProject/target/classes started by vishu in /home/vishu/IDE/sts/Vishu_TrainingProject)
2021-08-26 12:22:26 =[restartedMain] DEBUG c.e.m.VishuTrainingProjectApplication -Running with Spring Boot v2.5.3, Spring v5.3.9
2021-08-26 12:22:26 =[restartedMain] INFO  c.e.m.VishuTrainingProjectApplication -No active profile set, falling back to default profiles: default
2021-08-26 12:22:27 =[restartedMain] INFO  c.e.m.VishuTrainingProjectApplication -Started VishuTrainingProjectApplication in 0.64 seconds (JVM running for 4462.001)
2021-08-26 12:25:32 =[restartedMain] INFO  c.e.m.VishuTrainingProjectApplication -Starting VishuTrainingProjectApplication using Java 16.0.1 on vishu with PID 6369 (/home/vishu/IDE/sts/Vishu_TrainingProject/target/classes started by vishu in /home/vishu/IDE/sts/Vishu_TrainingProject)
2021-08-26 12:25:32 =[restartedMain] DEBUG c.e.m.VishuTrainingProjectApplication -Running with Spring Boot v2.5.3, Spring v5.3.9
2021-08-26 12:25:32 =[restartedMain] INFO  c.e.m.VishuTrainingProjectApplication -No active profile set, falling back to default profiles: default
2021-08-26 12:25:33 =[restartedMain] INFO  c.e.m.VishuTrainingProjectApplication -Started VishuTrainingProjectApplication in 0.613 seconds (JVM running for 4648.34)
2021-08-26 12:27:19 =[restartedMain] INFO  c.e.m.VishuTrainingProjectApplication -Starting VishuTrainingProjectApplication using Java 16.0.1 on vishu with PID 6369 (/home/vishu/IDE/sts/Vishu_TrainingProject/target/classes started by vishu in /home/vishu/IDE/sts/Vishu_TrainingProject)
2021-08-26 12:27:19 =[restartedMain] DEBUG c.e.m.VishuTrainingProjectApplication -Running with Spring Boot v2.5.3, Spring v5.3.9
2021-08-26 12:27:19 =[restartedMain] INFO  c.e.m.VishuTrainingProjectApplication -No active profile set, falling back to default profiles: default
2021-08-26 12:27:19 =[restartedMain] INFO  c.e.m.VishuTrainingProjectApplication -Started VishuTrainingProjectApplication in 0.754 seconds (JVM running for 4754.66)
2021-08-26 12:29:22 =[restartedMain] INFO  c.e.m.VishuTrainingProjectApplication -Starting VishuTrainingProjectApplication using Java 16.0.1 on vishu with PID 6369 (/home/vishu/IDE/sts/Vishu_TrainingProject/target/classes started by vishu in /home/vishu/IDE/sts/Vishu_TrainingProject)
2021-08-26 12:29:22 =[restartedMain] DEBUG c.e.m.VishuTrainingProjectApplication -Running with Spring Boot v2.5.3, Spring v5.3.9
2021-08-26 12:29:22 =[restartedMain] INFO  c.e.m.VishuTrainingProjectApplication -No active profile set, falling back to default profiles: default
2021-08-26 12:29:23 =[restartedMain] INFO  c.e.m.VishuTrainingProjectApplication -Started VishuTrainingProjectApplication in 0.866 seconds (JVM running for 4878.088)
2021-08-26 12:34:15 =[restartedMain] INFO  c.e.m.VishuTrainingProjectApplication -Starting VishuTrainingProjectApplication using Java 16.0.1 on vishu with PID 6369 (/home/vishu/IDE/sts/Vishu_TrainingProject/target/classes started by vishu in /home/vishu/IDE/sts/Vishu_TrainingProject)
2021-08-26 12:34:15 =[restartedMain] DEBUG c.e.m.VishuTrainingProjectApplication -Running with Spring Boot v2.5.3, Spring v5.3.9
2021-08-26 12:34:15 =[restartedMain] INFO  c.e.m.VishuTrainingProjectApplication -No active profile set, falling back to default profiles: default
2021-08-26 12:34:15 =[restartedMain] INFO  c.e.m.VishuTrainingProjectApplication -Started VishuTrainingProjectApplication in 0.761 seconds (JVM running for 5170.736)
2021-08-26 12:36:01 =[restartedMain] INFO  c.e.m.VishuTrainingProjectApplication -Starting VishuTrainingProjectApplication using Java 16.0.1 on vishu with PID 6369 (/home/vishu/IDE/sts/Vishu_TrainingProject/target/classes started by vishu in /home/vishu/IDE/sts/Vishu_TrainingProject)
2021-08-26 12:36:01 =[restartedMain] DEBUG c.e.m.VishuTrainingProjectApplication -Running with Spring Boot v2.5.3, Spring v5.3.9
2021-08-26 12:36:01 =[restartedMain] INFO  c.e.m.VishuTrainingProjectApplication -No active profile set, falling back to default profiles: default
2021-08-26 12:36:02 =[restartedMain] INFO  c.e.m.VishuTrainingProjectApplication -Started VishuTrainingProjectApplication in 0.595 seconds (JVM running for 5276.917)
2021-08-26 12:38:10 =[restartedMain] INFO  c.e.m.VishuTrainingProjectApplication -Starting VishuTrainingProjectApplication using Java 16.0.1 on vishu with PID 6369 (/home/vishu/IDE/sts/Vishu_TrainingProject/target/classes started by vishu in /home/vishu/IDE/sts/Vishu_TrainingProject)
2021-08-26 12:38:10 =[restartedMain] DEBUG c.e.m.VishuTrainingProjectApplication -Running with Spring Boot v2.5.3, Spring v5.3.9
2021-08-26 12:38:10 =[restartedMain] INFO  c.e.m.VishuTrainingProjectApplication -No active profile set, falling back to default profiles: default
2021-08-26 12:38:11 =[restartedMain] INFO  c.e.m.VishuTrainingProjectApplication -Started VishuTrainingProjectApplication in 0.595 seconds (JVM running for 5406.121)
2021-08-26 12:46:20 =[restartedMain] INFO  c.e.m.VishuTrainingProjectApplication -Starting VishuTrainingProjectApplication using Java 16.0.1 on vishu with PID 6369 (/home/vishu/IDE/sts/Vishu_TrainingProject/target/classes started by vishu in /home/vishu/IDE/sts/Vishu_TrainingProject)
2021-08-26 12:46:20 =[restartedMain] DEBUG c.e.m.VishuTrainingProjectApplication -Running with Spring Boot v2.5.3, Spring v5.3.9
2021-08-26 12:46:20 =[restartedMain] INFO  c.e.m.VishuTrainingProjectApplication -No active profile set, falling back to default profiles: default
2021-08-26 12:46:21 =[restartedMain] INFO  c.e.m.VishuTrainingProjectApplication -Started VishuTrainingProjectApplication in 0.612 seconds (JVM running for 5896.016)
2021-08-26 13:10:25 =[restartedMain] INFO  c.e.m.VishuTrainingProjectApplication -Starting VishuTrainingProjectApplication using Java 16.0.1 on vishu with PID 6369 (/home/vishu/IDE/sts/Vishu_TrainingProject/target/classes started by vishu in /home/vishu/IDE/sts/Vishu_TrainingProject)
2021-08-26 13:10:25 =[restartedMain] DEBUG c.e.m.VishuTrainingProjectApplication -Running with Spring Boot v2.5.3, Spring v5.3.9
2021-08-26 13:10:25 =[restartedMain] INFO  c.e.m.VishuTrainingProjectApplication -No active profile set, falling back to default profiles: default
2021-08-26 13:10:25 =[restartedMain] INFO  c.e.m.VishuTrainingProjectApplication -Started VishuTrainingProjectApplication in 0.747 seconds (JVM running for 7340.694)
2021-08-26 13:12:17 =[restartedMain] INFO  c.e.m.VishuTrainingProjectApplication -Starting VishuTrainingProjectApplication using Java 16.0.1 on vishu with PID 6369 (/home/vishu/IDE/sts/Vishu_TrainingProject/target/classes started by vishu in /home/vishu/IDE/sts/Vishu_TrainingProject)
2021-08-26 13:12:17 =[restartedMain] DEBUG c.e.m.VishuTrainingProjectApplication -Running with Spring Boot v2.5.3, Spring v5.3.9
2021-08-26 13:12:17 =[restartedMain] INFO  c.e.m.VishuTrainingProjectApplication -No active profile set, falling back to default profiles: default
2021-08-26 13:12:18 =[restartedMain] INFO  c.e.m.VishuTrainingProjectApplication -Started VishuTrainingProjectApplication in 0.616 seconds (JVM running for 7452.889)
2021-08-26 13:13:01 =[restartedMain] INFO  c.e.m.VishuTrainingProjectApplication -Starting VishuTrainingProjectApplication using Java 16.0.1 on vishu with PID 6369 (/home/vishu/IDE/sts/Vishu_TrainingProject/target/classes started by vishu in /home/vishu/IDE/sts/Vishu_TrainingProject)
2021-08-26 13:13:01 =[restartedMain] DEBUG c.e.m.VishuTrainingProjectApplication -Running with Spring Boot v2.5.3, Spring v5.3.9
2021-08-26 13:13:01 =[restartedMain] INFO  c.e.m.VishuTrainingProjectApplication -No active profile set, falling back to default profiles: default
2021-08-26 13:13:08 =[restartedMain] INFO  c.e.m.VishuTrainingProjectApplication -Started VishuTrainingProjectApplication in 7.124 seconds (JVM running for 7503.501)
2021-08-26 13:13:19 =[restartedMain] INFO  c.e.m.VishuTrainingProjectApplication -Starting VishuTrainingProjectApplication using Java 16.0.1 on vishu with PID 6369 (/home/vishu/IDE/sts/Vishu_TrainingProject/target/classes started by vishu in /home/vishu/IDE/sts/Vishu_TrainingProject)
2021-08-26 13:13:19 =[restartedMain] DEBUG c.e.m.VishuTrainingProjectApplication -Running with Spring Boot v2.5.3, Spring v5.3.9
2021-08-26 13:13:19 =[restartedMain] INFO  c.e.m.VishuTrainingProjectApplication -No active profile set, falling back to default profiles: default
2021-08-26 13:13:26 =[restartedMain] INFO  c.e.m.VishuTrainingProjectApplication -Started VishuTrainingProjectApplication in 7.582 seconds (JVM running for 7521.501)
2021-08-26 13:15:13 =[restartedMain] INFO  c.e.m.VishuTrainingProjectApplication -Starting VishuTrainingProjectApplication using Java 16.0.1 on vishu with PID 6369 (/home/vishu/IDE/sts/Vishu_TrainingProject/target/classes started by vishu in /home/vishu/IDE/sts/Vishu_TrainingProject)
2021-08-26 13:15:13 =[restartedMain] DEBUG c.e.m.VishuTrainingProjectApplication -Running with Spring Boot v2.5.3, Spring v5.3.9
2021-08-26 13:15:13 =[restartedMain] INFO  c.e.m.VishuTrainingProjectApplication -No active profile set, falling back to default profiles: default
2021-08-26 13:17:21 =[restartedMain] INFO  c.e.m.VishuTrainingProjectApplication -Starting VishuTrainingProjectApplication using Java 16.0.1 on vishu with PID 12996 (/home/vishu/IDE/sts/Vishu_TrainingProject/target/classes started by vishu in /home/vishu/IDE/sts/Vishu_TrainingProject)
2021-08-26 13:17:21 =[restartedMain] DEBUG c.e.m.VishuTrainingProjectApplication -Running with Spring Boot v2.5.3, Spring v5.3.9
2021-08-26 13:17:21 =[restartedMain] INFO  c.e.m.VishuTrainingProjectApplication -No active profile set, falling back to default profiles: default
2021-08-26 13:17:54 =[restartedMain] INFO  c.e.m.VishuTrainingProjectApplication -Starting VishuTrainingProjectApplication using Java 16.0.1 on vishu with PID 13069 (/home/vishu/IDE/sts/Vishu_TrainingProject/target/classes started by vishu in /home/vishu/IDE/sts/Vishu_TrainingProject)
2021-08-26 13:17:54 =[restartedMain] DEBUG c.e.m.VishuTrainingProjectApplication -Running with Spring Boot v2.5.3, Spring v5.3.9
2021-08-26 13:17:54 =[restartedMain] INFO  c.e.m.VishuTrainingProjectApplication -No active profile set, falling back to default profiles: default
2021-08-26 13:20:04 =[restartedMain] INFO  c.e.m.VishuTrainingProjectApplication -Starting VishuTrainingProjectApplication using Java 16.0.1 on vishu with PID 13357 (/home/vishu/IDE/sts/Vishu_TrainingProject/target/classes started by vishu in /home/vishu/IDE/sts/Vishu_TrainingProject)
2021-08-26 13:20:04 =[restartedMain] DEBUG c.e.m.VishuTrainingProjectApplication -Running with Spring Boot v2.5.3, Spring v5.3.9
2021-08-26 13:20:04 =[restartedMain] INFO  c.e.m.VishuTrainingProjectApplication -No active profile set, falling back to default profiles: default
2021-08-26 13:21:13 =[restartedMain] INFO  c.e.m.VishuTrainingProjectApplication -Starting VishuTrainingProjectApplication using Java 16.0.1 on vishu with PID 13448 (/home/vishu/IDE/sts/Vishu_TrainingProject/target/classes started by vishu in /home/vishu/IDE/sts/Vishu_TrainingProject)
2021-08-26 13:21:13 =[restartedMain] DEBUG c.e.m.VishuTrainingProjectApplication -Running with Spring Boot v2.5.3, Spring v5.3.9
2021-08-26 13:21:13 =[restartedMain] INFO  c.e.m.VishuTrainingProjectApplication -The following profiles are active: dev
2021-08-26 13:26:19 =[restartedMain] INFO  c.e.m.VishuTrainingProjectApplication -Starting VishuTrainingProjectApplication using Java 16.0.1 on vishu with PID 13944 (/home/vishu/IDE/sts/Vishu_TrainingProject/target/classes started by vishu in /home/vishu/IDE/sts/Vishu_TrainingProject)
2021-08-26 13:26:19 =[restartedMain] DEBUG c.e.m.VishuTrainingProjectApplication -Running with Spring Boot v2.5.3, Spring v5.3.9
2021-08-26 13:26:19 =[restartedMain] INFO  c.e.m.VishuTrainingProjectApplication -The following profiles are active: dev
2021-08-26 13:26:27 =[restartedMain] INFO  c.e.m.VishuTrainingProjectApplication -Started VishuTrainingProjectApplication in 8.425 seconds (JVM running for 9.815)
2021-08-26 13:26:45 =[restartedMain] INFO  c.e.m.VishuTrainingProjectApplication -Starting VishuTrainingProjectApplication using Java 16.0.1 on vishu with PID 13944 (/home/vishu/IDE/sts/Vishu_TrainingProject/target/classes started by vishu in /home/vishu/IDE/sts/Vishu_TrainingProject)
2021-08-26 13:26:45 =[restartedMain] DEBUG c.e.m.VishuTrainingProjectApplication -Running with Spring Boot v2.5.3, Spring v5.3.9
2021-08-26 13:26:45 =[restartedMain] INFO  c.e.m.VishuTrainingProjectApplication -No active profile set, falling back to default profiles: default
2021-08-26 13:26:48 =[restartedMain] INFO  c.e.m.VishuTrainingProjectApplication -Started VishuTrainingProjectApplication in 3.499 seconds (JVM running for 31.018)
2021-08-26 13:26:56 =[restartedMain] INFO  c.e.m.VishuTrainingProjectApplication -Starting VishuTrainingProjectApplication using Java 16.0.1 on vishu with PID 13944 (/home/vishu/IDE/sts/Vishu_TrainingProject/target/classes started by vishu in /home/vishu/IDE/sts/Vishu_TrainingProject)
2021-08-26 13:26:56 =[restartedMain] DEBUG c.e.m.VishuTrainingProjectApplication -Running with Spring Boot v2.5.3, Spring v5.3.9
2021-08-26 13:26:56 =[restartedMain] INFO  c.e.m.VishuTrainingProjectApplication -No active profile set, falling back to default profiles: default
2021-08-26 13:26:56 =[restartedMain] INFO  c.e.m.VishuTrainingProjectApplication -Started VishuTrainingProjectApplication in 0.729 seconds (JVM running for 39.146)
2021-08-26 13:40:18 =[restartedMain] INFO  c.e.m.VishuTrainingProjectApplication -Starting VishuTrainingProjectApplication using Java 16.0.1 on vishu with PID 13944 (/home/vishu/IDE/sts/Vishu_TrainingProject/target/classes started by vishu in /home/vishu/IDE/sts/Vishu_TrainingProject)
2021-08-26 13:40:18 =[restartedMain] DEBUG c.e.m.VishuTrainingProjectApplication -Running with Spring Boot v2.5.3, Spring v5.3.9
2021-08-26 13:40:18 =[restartedMain] INFO  c.e.m.VishuTrainingProjectApplication -No active profile set, falling back to default profiles: default
2021-08-26 13:40:19 =[restartedMain] INFO  c.e.m.VishuTrainingProjectApplication -Started VishuTrainingProjectApplication in 0.882 seconds (JVM running for 841.981)
2021-08-26 13:57:41 =[restartedMain] INFO  c.e.m.VishuTrainingProjectApplication -Starting VishuTrainingProjectApplication using Java 16.0.1 on vishu with PID 15543 (/home/vishu/IDE/sts/Vishu_TrainingProject/target/classes started by vishu in /home/vishu/IDE/sts/Vishu_TrainingProject)
2021-08-26 13:57:41 =[restartedMain] DEBUG c.e.m.VishuTrainingProjectApplication -Running with Spring Boot v2.5.3, Spring v5.3.9
2021-08-26 13:57:41 =[restartedMain] INFO  c.e.m.VishuTrainingProjectApplication -No active profile set, falling back to default profiles: default
2021-08-26 13:57:44 =[restartedMain] INFO  c.e.m.VishuTrainingProjectApplication -Started VishuTrainingProjectApplication in 3.465 seconds (JVM running for 4.23)
2021-08-26 16:09:44 =[restartedMain] INFO  c.e.m.VishuTrainingProjectApplication -Starting VishuTrainingProjectApplication using Java 16.0.1 on vishu with PID 15543 (/home/vishu/IDE/sts/Vishu_TrainingProject/target/classes started by vishu in /home/vishu/IDE/sts/Vishu_TrainingProject)
2021-08-26 16:09:44 =[restartedMain] DEBUG c.e.m.VishuTrainingProjectApplication -Running with Spring Boot v2.5.3, Spring v5.3.9
2021-08-26 16:09:44 =[restartedMain] INFO  c.e.m.VishuTrainingProjectApplication -No active profile set, falling back to default profiles: default
2021-08-26 16:09:45 =[restartedMain] INFO  c.e.m.VishuTrainingProjectApplication -Started VishuTrainingProjectApplication in 0.888 seconds (JVM running for 7925.062)
2021-08-26 16:10:54 =[restartedMain] INFO  c.e.m.VishuTrainingProjectApplication -Starting VishuTrainingProjectApplication using Java 16.0.1 on vishu with PID 15543 (/home/vishu/IDE/sts/Vishu_TrainingProject/target/classes started by vishu in /home/vishu/IDE/sts/Vishu_TrainingProject)
2021-08-26 16:10:54 =[restartedMain] DEBUG c.e.m.VishuTrainingProjectApplication -Running with Spring Boot v2.5.3, Spring v5.3.9
2021-08-26 16:10:54 =[restartedMain] INFO  c.e.m.VishuTrainingProjectApplication -No active profile set, falling back to default profiles: default
2021-08-26 16:10:55 =[restartedMain] INFO  c.e.m.VishuTrainingProjectApplication -Started VishuTrainingProjectApplication in 0.805 seconds (JVM running for 7995.069)
2021-08-26 16:12:56 =[restartedMain] INFO  c.e.m.VishuTrainingProjectApplication -Starting VishuTrainingProjectApplication using Java 16.0.1 on vishu with PID 15543 (/home/vishu/IDE/sts/Vishu_TrainingProject/target/classes started by vishu in /home/vishu/IDE/sts/Vishu_TrainingProject)
2021-08-26 16:12:56 =[restartedMain] DEBUG c.e.m.VishuTrainingProjectApplication -Running with Spring Boot v2.5.3, Spring v5.3.9
2021-08-26 16:12:56 =[restartedMain] INFO  c.e.m.VishuTrainingProjectApplication -No active profile set, falling back to default profiles: default
2021-08-26 16:12:56 =[restartedMain] INFO  c.e.m.VishuTrainingProjectApplication -Started VishuTrainingProjectApplication in 0.625 seconds (JVM running for 8116.298)
2021-08-26 16:13:52 =[restartedMain] INFO  c.e.m.VishuTrainingProjectApplication -Starting VishuTrainingProjectApplication using Java 16.0.1 on vishu with PID 15543 (/home/vishu/IDE/sts/Vishu_TrainingProject/target/classes started by vishu in /home/vishu/IDE/sts/Vishu_TrainingProject)
2021-08-26 16:13:52 =[restartedMain] DEBUG c.e.m.VishuTrainingProjectApplication -Running with Spring Boot v2.5.3, Spring v5.3.9
2021-08-26 16:13:52 =[restartedMain] INFO  c.e.m.VishuTrainingProjectApplication -No active profile set, falling back to default profiles: default
2021-08-26 16:13:52 =[restartedMain] INFO  c.e.m.VishuTrainingProjectApplication -Started VishuTrainingProjectApplication in 0.656 seconds (JVM running for 8172.501)
2021-08-26 16:17:44 =[restartedMain] INFO  c.e.m.VishuTrainingProjectApplication -Starting VishuTrainingProjectApplication using Java 16.0.1 on vishu with PID 15543 (/home/vishu/IDE/sts/Vishu_TrainingProject/target/classes started by vishu in /home/vishu/IDE/sts/Vishu_TrainingProject)
2021-08-26 16:17:44 =[restartedMain] DEBUG c.e.m.VishuTrainingProjectApplication -Running with Spring Boot v2.5.3, Spring v5.3.9
2021-08-26 16:17:44 =[restartedMain] INFO  c.e.m.VishuTrainingProjectApplication -No active profile set, falling back to default profiles: default
2021-08-26 16:18:08 =[restartedMain] INFO  c.e.m.VishuTrainingProjectApplication -Starting VishuTrainingProjectApplication using Java 16.0.1 on vishu with PID 15543 (/home/vishu/IDE/sts/Vishu_TrainingProject/target/classes started by vishu in /home/vishu/IDE/sts/Vishu_TrainingProject)
2021-08-26 16:18:08 =[restartedMain] DEBUG c.e.m.VishuTrainingProjectApplication -Running with Spring Boot v2.5.3, Spring v5.3.9
2021-08-26 16:18:08 =[restartedMain] INFO  c.e.m.VishuTrainingProjectApplication -No active profile set, falling back to default profiles: default
2021-08-26 16:20:17 =[restartedMain] INFO  c.e.m.VishuTrainingProjectApplication -Starting VishuTrainingProjectApplication using Java 16.0.1 on vishu with PID 15543 (/home/vishu/IDE/sts/Vishu_TrainingProject/target/classes started by vishu in /home/vishu/IDE/sts/Vishu_TrainingProject)
2021-08-26 16:20:17 =[restartedMain] DEBUG c.e.m.VishuTrainingProjectApplication -Running with Spring Boot v2.5.3, Spring v5.3.9
2021-08-26 16:20:17 =[restartedMain] INFO  c.e.m.VishuTrainingProjectApplication -No active profile set, falling back to default profiles: default
2021-08-26 16:20:19 =[restartedMain] INFO  c.e.m.VishuTrainingProjectApplication -Started VishuTrainingProjectApplication in 1.259 seconds (JVM running for 8558.785)
2021-08-26 16:21:57 =[restartedMain] INFO  c.e.m.VishuTrainingProjectApplication -Starting VishuTrainingProjectApplication using Java 16.0.1 on vishu with PID 15543 (/home/vishu/IDE/sts/Vishu_TrainingProject/target/classes started by vishu in /home/vishu/IDE/sts/Vishu_TrainingProject)
2021-08-26 16:21:57 =[restartedMain] DEBUG c.e.m.VishuTrainingProjectApplication -Running with Spring Boot v2.5.3, Spring v5.3.9
2021-08-26 16:21:57 =[restartedMain] INFO  c.e.m.VishuTrainingProjectApplication -No active profile set, falling back to default profiles: default
2021-08-26 16:21:58 =[restartedMain] INFO  c.e.m.VishuTrainingProjectApplication -Started VishuTrainingProjectApplication in 0.753 seconds (JVM running for 8658.128)
2021-08-26 16:26:44 =[restartedMain] INFO  c.e.m.VishuTrainingProjectApplication -Starting VishuTrainingProjectApplication using Java 16.0.1 on vishu with PID 15543 (/home/vishu/IDE/sts/Vishu_TrainingProject/target/classes started by vishu in /home/vishu/IDE/sts/Vishu_TrainingProject)
2021-08-26 16:26:44 =[restartedMain] DEBUG c.e.m.VishuTrainingProjectApplication -Running with Spring Boot v2.5.3, Spring v5.3.9
2021-08-26 16:26:44 =[restartedMain] INFO  c.e.m.VishuTrainingProjectApplication -No active profile set, falling back to default profiles: default
2021-08-26 16:26:44 =[restartedMain] INFO  c.e.m.VishuTrainingProjectApplication -Starting VishuTrainingProjectApplication using Java 16.0.1 on vishu with PID 15543 (/home/vishu/IDE/sts/Vishu_TrainingProject/target/classes started by vishu in /home/vishu/IDE/sts/Vishu_TrainingProject)
2021-08-26 16:26:44 =[restartedMain] DEBUG c.e.m.VishuTrainingProjectApplication -Running with Spring Boot v2.5.3, Spring v5.3.9
2021-08-26 16:26:44 =[restartedMain] INFO  c.e.m.VishuTrainingProjectApplication -No active profile set, falling back to default profiles: default
2021-08-26 16:26:45 =[restartedMain] INFO  c.e.m.VishuTrainingProjectApplication -Started VishuTrainingProjectApplication in 0.875 seconds (JVM running for 8945.131)
2021-08-26 16:26:45 =[restartedMain] INFO  c.e.m.VishuTrainingProjectApplication -Starting VishuTrainingProjectApplication using Java 16.0.1 on vishu with PID 15543 (/home/vishu/IDE/sts/Vishu_TrainingProject/target/classes started by vishu in /home/vishu/IDE/sts/Vishu_TrainingProject)
2021-08-26 16:26:45 =[restartedMain] DEBUG c.e.m.VishuTrainingProjectApplication -Running with Spring Boot v2.5.3, Spring v5.3.9
2021-08-26 16:26:45 =[restartedMain] INFO  c.e.m.VishuTrainingProjectApplication -No active profile set, falling back to default profiles: default
2021-08-26 16:26:46 =[restartedMain] INFO  c.e.m.VishuTrainingProjectApplication -Started VishuTrainingProjectApplication in 0.739 seconds (JVM running for 8945.963)
2021-08-26 16:29:03 =[restartedMain] INFO  c.e.m.VishuTrainingProjectApplication -Starting VishuTrainingProjectApplication using Java 16.0.1 on vishu with PID 15543 (/home/vishu/IDE/sts/Vishu_TrainingProject/target/classes started by vishu in /home/vishu/IDE/sts/Vishu_TrainingProject)
2021-08-26 16:29:03 =[restartedMain] DEBUG c.e.m.VishuTrainingProjectApplication -Running with Spring Boot v2.5.3, Spring v5.3.9
2021-08-26 16:29:03 =[restartedMain] INFO  c.e.m.VishuTrainingProjectApplication -No active profile set, falling back to default profiles: default
2021-08-26 16:29:03 =[restartedMain] INFO  c.e.m.VishuTrainingProjectApplication -Starting VishuTrainingProjectApplication using Java 16.0.1 on vishu with PID 15543 (/home/vishu/IDE/sts/Vishu_TrainingProject/target/classes started by vishu in /home/vishu/IDE/sts/Vishu_TrainingProject)
2021-08-26 16:29:03 =[restartedMain] DEBUG c.e.m.VishuTrainingProjectApplication -Running with Spring Boot v2.5.3, Spring v5.3.9
2021-08-26 16:29:03 =[restartedMain] INFO  c.e.m.VishuTrainingProjectApplication -No active profile set, falling back to default profiles: default
2021-08-26 16:29:04 =[restartedMain] INFO  c.e.m.VishuTrainingProjectApplication -Starting VishuTrainingProjectApplication using Java 16.0.1 on vishu with PID 15543 (/home/vishu/IDE/sts/Vishu_TrainingProject/target/classes started by vishu in /home/vishu/IDE/sts/Vishu_TrainingProject)
2021-08-26 16:29:04 =[restartedMain] DEBUG c.e.m.VishuTrainingProjectApplication -Running with Spring Boot v2.5.3, Spring v5.3.9
2021-08-26 16:29:04 =[restartedMain] INFO  c.e.m.VishuTrainingProjectApplication -No active profile set, falling back to default profiles: default
2021-08-26 16:29:04 =[restartedMain] INFO  c.e.m.VishuTrainingProjectApplication -Started VishuTrainingProjectApplication in 0.877 seconds (JVM running for 9084.236)
2021-08-26 16:29:04 =[restartedMain] INFO  c.e.m.VishuTrainingProjectApplication -Starting VishuTrainingProjectApplication using Java 16.0.1 on vishu with PID 15543 (/home/vishu/IDE/sts/Vishu_TrainingProject/target/classes started by vishu in /home/vishu/IDE/sts/Vishu_TrainingProject)
2021-08-26 16:29:04 =[restartedMain] DEBUG c.e.m.VishuTrainingProjectApplication -Running with Spring Boot v2.5.3, Spring v5.3.9
2021-08-26 16:29:04 =[restartedMain] INFO  c.e.m.VishuTrainingProjectApplication -No active profile set, falling back to default profiles: default
2021-08-26 16:29:05 =[restartedMain] INFO  c.e.m.VishuTrainingProjectApplication -Started VishuTrainingProjectApplication in 1.0 seconds (JVM running for 9085.07)
2021-08-26 16:29:12 =[restartedMain] INFO  c.e.m.VishuTrainingProjectApplication -Starting VishuTrainingProjectApplication using Java 16.0.1 on vishu with PID 15543 (/home/vishu/IDE/sts/Vishu_TrainingProject/target/classes started by vishu in /home/vishu/IDE/sts/Vishu_TrainingProject)
2021-08-26 16:29:12 =[restartedMain] DEBUG c.e.m.VishuTrainingProjectApplication -Running with Spring Boot v2.5.3, Spring v5.3.9
2021-08-26 16:29:12 =[restartedMain] INFO  c.e.m.VishuTrainingProjectApplication -No active profile set, falling back to default profiles: default
2021-08-26 16:29:12 =[restartedMain] INFO  c.e.m.VishuTrainingProjectApplication -Starting VishuTrainingProjectApplication using Java 16.0.1 on vishu with PID 15543 (/home/vishu/IDE/sts/Vishu_TrainingProject/target/classes started by vishu in /home/vishu/IDE/sts/Vishu_TrainingProject)
2021-08-26 16:29:12 =[restartedMain] DEBUG c.e.m.VishuTrainingProjectApplication -Running with Spring Boot v2.5.3, Spring v5.3.9
2021-08-26 16:29:12 =[restartedMain] INFO  c.e.m.VishuTrainingProjectApplication -No active profile set, falling back to default profiles: default
2021-08-26 16:29:12 =[restartedMain] INFO  c.e.m.VishuTrainingProjectApplication -Starting VishuTrainingProjectApplication using Java 16.0.1 on vishu with PID 15543 (/home/vishu/IDE/sts/Vishu_TrainingProject/target/classes started by vishu in /home/vishu/IDE/sts/Vishu_TrainingProject)
2021-08-26 16:29:12 =[restartedMain] DEBUG c.e.m.VishuTrainingProjectApplication -Running with Spring Boot v2.5.3, Spring v5.3.9
2021-08-26 16:29:12 =[restartedMain] INFO  c.e.m.VishuTrainingProjectApplication -No active profile set, falling back to default profiles: default
2021-08-26 16:29:13 =[restartedMain] INFO  c.e.m.VishuTrainingProjectApplication -Starting VishuTrainingProjectApplication using Java 16.0.1 on vishu with PID 15543 (/home/vishu/IDE/sts/Vishu_TrainingProject/target/classes started by vishu in /home/vishu/IDE/sts/Vishu_TrainingProject)
2021-08-26 16:29:13 =[restartedMain] DEBUG c.e.m.VishuTrainingProjectApplication -Running with Spring Boot v2.5.3, Spring v5.3.9
2021-08-26 16:29:13 =[restartedMain] INFO  c.e.m.VishuTrainingProjectApplication -No active profile set, falling back to default profiles: default
2021-08-26 16:29:13 =[restartedMain] INFO  c.e.m.VishuTrainingProjectApplication -Started VishuTrainingProjectApplication in 1.135 seconds (JVM running for 9093.324)
2021-08-26 16:29:13 =[restartedMain] INFO  c.e.m.VishuTrainingProjectApplication -Starting VishuTrainingProjectApplication using Java 16.0.1 on vishu with PID 15543 (/home/vishu/IDE/sts/Vishu_TrainingProject/target/classes started by vishu in /home/vishu/IDE/sts/Vishu_TrainingProject)
2021-08-26 16:29:13 =[restartedMain] DEBUG c.e.m.VishuTrainingProjectApplication -Running with Spring Boot v2.5.3, Spring v5.3.9
2021-08-26 16:29:13 =[restartedMain] INFO  c.e.m.VishuTrainingProjectApplication -No active profile set, falling back to default profiles: default
2021-08-26 16:29:14 =[restartedMain] INFO  c.e.m.VishuTrainingProjectApplication -Started VishuTrainingProjectApplication in 1.276 seconds (JVM running for 9093.851)
2021-08-26 16:30:36 =[restartedMain] INFO  c.e.m.VishuTrainingProjectApplication -Starting VishuTrainingProjectApplication using Java 16.0.1 on vishu with PID 15543 (/home/vishu/IDE/sts/Vishu_TrainingProject/target/classes started by vishu in /home/vishu/IDE/sts/Vishu_TrainingProject)
2021-08-26 16:30:36 =[restartedMain] DEBUG c.e.m.VishuTrainingProjectApplication -Running with Spring Boot v2.5.3, Spring v5.3.9
2021-08-26 16:30:36 =[restartedMain] INFO  c.e.m.VishuTrainingProjectApplication -No active profile set, falling back to default profiles: default
2021-08-26 16:30:36 =[restartedMain] INFO  c.e.m.VishuTrainingProjectApplication -Starting VishuTrainingProjectApplication using Java 16.0.1 on vishu with PID 15543 (/home/vishu/IDE/sts/Vishu_TrainingProject/target/classes started by vishu in /home/vishu/IDE/sts/Vishu_TrainingProject)
2021-08-26 16:30:36 =[restartedMain] DEBUG c.e.m.VishuTrainingProjectApplication -Running with Spring Boot v2.5.3, Spring v5.3.9
2021-08-26 16:30:36 =[restartedMain] INFO  c.e.m.VishuTrainingProjectApplication -No active profile set, falling back to default profiles: default
2021-08-26 16:30:36 =[restartedMain] INFO  c.e.m.VishuTrainingProjectApplication -Starting VishuTrainingProjectApplication using Java 16.0.1 on vishu with PID 15543 (/home/vishu/IDE/sts/Vishu_TrainingProject/target/classes started by vishu in /home/vishu/IDE/sts/Vishu_TrainingProject)
2021-08-26 16:30:36 =[restartedMain] DEBUG c.e.m.VishuTrainingProjectApplication -Running with Spring Boot v2.5.3, Spring v5.3.9
2021-08-26 16:30:36 =[restartedMain] INFO  c.e.m.VishuTrainingProjectApplication -No active profile set, falling back to default profiles: default
2021-08-26 16:30:36 =[restartedMain] INFO  c.e.m.VishuTrainingProjectApplication -Starting VishuTrainingProjectApplication using Java 16.0.1 on vishu with PID 15543 (/home/vishu/IDE/sts/Vishu_TrainingProject/target/classes started by vishu in /home/vishu/IDE/sts/Vishu_TrainingProject)
2021-08-26 16:30:36 =[restartedMain] DEBUG c.e.m.VishuTrainingProjectApplication -Running with Spring Boot v2.5.3, Spring v5.3.9
2021-08-26 16:30:36 =[restartedMain] INFO  c.e.m.VishuTrainingProjectApplication -No active profile set, falling back to default profiles: default
2021-08-26 16:30:36 =[restartedMain] INFO  c.e.m.VishuTrainingProjectApplication -Starting VishuTrainingProjectApplication using Java 16.0.1 on vishu with PID 15543 (/home/vishu/IDE/sts/Vishu_TrainingProject/target/classes started by vishu in /home/vishu/IDE/sts/Vishu_TrainingProject)
2021-08-26 16:30:36 =[restartedMain] DEBUG c.e.m.VishuTrainingProjectApplication -Running with Spring Boot v2.5.3, Spring v5.3.9
2021-08-26 16:30:36 =[restartedMain] INFO  c.e.m.VishuTrainingProjectApplication -No active profile set, falling back to default profiles: default
2021-08-26 16:30:37 =[restartedMain] INFO  c.e.m.VishuTrainingProjectApplication -Started VishuTrainingProjectApplication in 0.82 seconds (JVM running for 9176.727)
2021-08-26 16:30:37 =[restartedMain] INFO  c.e.m.VishuTrainingProjectApplication -Started VishuTrainingProjectApplication in 0.913 seconds (JVM running for 9177.111)
2021-08-26 16:30:37 =[restartedMain] INFO  c.e.m.VishuTrainingProjectApplication -Starting VishuTrainingProjectApplication using Java 16.0.1 on vishu with PID 15543 (/home/vishu/IDE/sts/Vishu_TrainingProject/target/classes started by vishu in /home/vishu/IDE/sts/Vishu_TrainingProject)
2021-08-26 16:30:37 =[restartedMain] DEBUG c.e.m.VishuTrainingProjectApplication -Running with Spring Boot v2.5.3, Spring v5.3.9
2021-08-26 16:30:37 =[restartedMain] INFO  c.e.m.VishuTrainingProjectApplication -No active profile set, falling back to default profiles: default
2021-08-26 16:30:37 =[restartedMain] INFO  c.e.m.VishuTrainingProjectApplication -Started VishuTrainingProjectApplication in 0.977 seconds (JVM running for 9177.616)
2021-08-26 16:51:09 =[restartedMain] INFO  c.e.m.VishuTrainingProjectApplication -Starting VishuTrainingProjectApplication using Java 16.0.1 on vishu with PID 26283 (/home/vishu/IDE/sts/Vishu_TrainingProject/target/classes started by vishu in /home/vishu/IDE/sts/Vishu_TrainingProject)
2021-08-26 16:51:09 =[restartedMain] DEBUG c.e.m.VishuTrainingProjectApplication -Running with Spring Boot v2.5.3, Spring v5.3.9
2021-08-26 16:51:09 =[restartedMain] INFO  c.e.m.VishuTrainingProjectApplication -No active profile set, falling back to default profiles: default
2021-08-26 16:51:12 =[restartedMain] INFO  c.e.m.VishuTrainingProjectApplication -Started VishuTrainingProjectApplication in 4.116 seconds (JVM running for 5.105)
2021-08-26 17:00:46 =[restartedMain] INFO  c.e.m.VishuTrainingProjectApplication -Starting VishuTrainingProjectApplication using Java 16.0.1 on vishu with PID 26283 (/home/vishu/IDE/sts/Vishu_TrainingProject/target/classes started by vishu in /home/vishu/IDE/sts/Vishu_TrainingProject)
2021-08-26 17:00:46 =[restartedMain] DEBUG c.e.m.VishuTrainingProjectApplication -Running with Spring Boot v2.5.3, Spring v5.3.9
2021-08-26 17:00:46 =[restartedMain] INFO  c.e.m.VishuTrainingProjectApplication -No active profile set, falling back to default profiles: default
2021-08-26 17:00:47 =[restartedMain] INFO  c.e.m.VishuTrainingProjectApplication -Started VishuTrainingProjectApplication in 0.836 seconds (JVM running for 579.334)
2021-08-26 17:33:36 =[restartedMain] INFO  c.e.m.VishuTrainingProjectApplication -Starting VishuTrainingProjectApplication using Java 16.0.1 on vishu with PID 26283 (/home/vishu/IDE/sts/Vishu_TrainingProject/target/classes started by vishu in /home/vishu/IDE/sts/Vishu_TrainingProject)
2021-08-26 17:33:36 =[restartedMain] DEBUG c.e.m.VishuTrainingProjectApplication -Running with Spring Boot v2.5.3, Spring v5.3.9
2021-08-26 17:33:36 =[restartedMain] INFO  c.e.m.VishuTrainingProjectApplication -No active profile set, falling back to default profiles: default
2021-08-26 17:33:49 =[restartedMain] INFO  c.e.m.VishuTrainingProjectApplication -Starting VishuTrainingProjectApplication using Java 16.0.1 on vishu with PID 26283 (/home/vishu/IDE/sts/Vishu_TrainingProject/target/classes started by vishu in /home/vishu/IDE/sts/Vishu_TrainingProject)
2021-08-26 17:33:49 =[restartedMain] DEBUG c.e.m.VishuTrainingProjectApplication -Running with Spring Boot v2.5.3, Spring v5.3.9
2021-08-26 17:33:49 =[restartedMain] INFO  c.e.m.VishuTrainingProjectApplication -No active profile set, falling back to default profiles: default
2021-08-26 17:34:28 =[restartedMain] INFO  c.e.m.VishuTrainingProjectApplication -Starting VishuTrainingProjectApplication using Java 16.0.1 on vishu with PID 28277 (/home/vishu/IDE/sts/Vishu_TrainingProject/target/classes started by vishu in /home/vishu/IDE/sts/Vishu_TrainingProject)
2021-08-26 17:34:28 =[restartedMain] DEBUG c.e.m.VishuTrainingProjectApplication -Running with Spring Boot v2.5.3, Spring v5.3.9
2021-08-26 17:34:28 =[restartedMain] INFO  c.e.m.VishuTrainingProjectApplication -No active profile set, falling back to default profiles: default
2021-08-26 17:40:49 =[restartedMain] INFO  c.e.m.VishuTrainingProjectApplication -Starting VishuTrainingProjectApplication using Java 16.0.1 on vishu with PID 28508 (/home/vishu/IDE/sts/Vishu_TrainingProject/target/classes started by vishu in /home/vishu/IDE/sts/Vishu_TrainingProject)
2021-08-26 17:40:49 =[restartedMain] DEBUG c.e.m.VishuTrainingProjectApplication -Running with Spring Boot v2.5.3, Spring v5.3.9
2021-08-26 17:40:49 =[restartedMain] INFO  c.e.m.VishuTrainingProjectApplication -No active profile set, falling back to default profiles: default
2021-08-26 17:40:52 =[restartedMain] INFO  c.e.m.VishuTrainingProjectApplication -Started VishuTrainingProjectApplication in 3.744 seconds (JVM running for 4.45)
2021-08-26 18:01:36 =[restartedMain] INFO  c.e.m.VishuTrainingProjectApplication -Starting VishuTrainingProjectApplication using Java 16.0.1 on vishu with PID 28508 (/home/vishu/IDE/sts/Vishu_TrainingProject/target/classes started by vishu in /home/vishu/IDE/sts/Vishu_TrainingProject)
2021-08-26 18:01:36 =[restartedMain] DEBUG c.e.m.VishuTrainingProjectApplication -Running with Spring Boot v2.5.3, Spring v5.3.9
2021-08-26 18:01:36 =[restartedMain] INFO  c.e.m.VishuTrainingProjectApplication -No active profile set, falling back to default profiles: default
2021-08-26 18:01:37 =[restartedMain] INFO  c.e.m.VishuTrainingProjectApplication -Started VishuTrainingProjectApplication in 0.895 seconds (JVM running for 1249.032)
2021-08-26 18:01:59 =[restartedMain] INFO  c.e.m.VishuTrainingProjectApplication -Starting VishuTrainingProjectApplication using Java 16.0.1 on vishu with PID 28508 (/home/vishu/IDE/sts/Vishu_TrainingProject/target/classes started by vishu in /home/vishu/IDE/sts/Vishu_TrainingProject)
2021-08-26 18:01:59 =[restartedMain] DEBUG c.e.m.VishuTrainingProjectApplication -Running with Spring Boot v2.5.3, Spring v5.3.9
2021-08-26 18:01:59 =[restartedMain] INFO  c.e.m.VishuTrainingProjectApplication -No active profile set, falling back to default profiles: default
2021-08-26 18:02:00 =[restartedMain] INFO  c.e.m.VishuTrainingProjectApplication -Started VishuTrainingProjectApplication in 0.881 seconds (JVM running for 1272.336)
2021-08-26 18:02:31 =[restartedMain] INFO  c.e.m.VishuTrainingProjectApplication -Starting VishuTrainingProjectApplication using Java 16.0.1 on vishu with PID 28508 (/home/vishu/IDE/sts/Vishu_TrainingProject/target/classes started by vishu in /home/vishu/IDE/sts/Vishu_TrainingProject)
2021-08-26 18:02:31 =[restartedMain] DEBUG c.e.m.VishuTrainingProjectApplication -Running with Spring Boot v2.5.3, Spring v5.3.9
2021-08-26 18:02:31 =[restartedMain] INFO  c.e.m.VishuTrainingProjectApplication -No active profile set, falling back to default profiles: default
2021-08-26 18:02:32 =[restartedMain] INFO  c.e.m.VishuTrainingProjectApplication -Started VishuTrainingProjectApplication in 0.826 seconds (JVM running for 1304.626)
2021-08-26 18:12:07 =[restartedMain] INFO  c.e.m.VishuTrainingProjectApplication -Starting VishuTrainingProjectApplication using Java 16.0.1 on vishu with PID 29499 (/home/vishu/IDE/sts/Vishu_TrainingProject/target/classes started by vishu in /home/vishu/IDE/sts/Vishu_TrainingProject)
2021-08-26 18:12:07 =[restartedMain] DEBUG c.e.m.VishuTrainingProjectApplication -Running with Spring Boot v2.5.3, Spring v5.3.9
2021-08-26 18:12:07 =[restartedMain] INFO  c.e.m.VishuTrainingProjectApplication -No active profile set, falling back to default profiles: default
2021-08-26 18:12:10 =[restartedMain] INFO  c.e.m.VishuTrainingProjectApplication -Started VishuTrainingProjectApplication in 3.774 seconds (JVM running for 4.521)
2021-08-26 18:26:19 =[restartedMain] INFO  c.e.m.VishuTrainingProjectApplication -Starting VishuTrainingProjectApplication using Java 16.0.1 on vishu with PID 29499 (/home/vishu/IDE/sts/Vishu_TrainingProject/target/classes started by vishu in /home/vishu/IDE/sts/Vishu_TrainingProject)
2021-08-26 18:26:19 =[restartedMain] DEBUG c.e.m.VishuTrainingProjectApplication -Running with Spring Boot v2.5.3, Spring v5.3.9
2021-08-26 18:26:19 =[restartedMain] INFO  c.e.m.VishuTrainingProjectApplication -No active profile set, falling back to default profiles: default
2021-08-26 18:26:20 =[restartedMain] INFO  c.e.m.VishuTrainingProjectApplication -Started VishuTrainingProjectApplication in 0.825 seconds (JVM running for 854.18)
2021-08-26 18:26:40 =[restartedMain] INFO  c.e.m.VishuTrainingProjectApplication -Starting VishuTrainingProjectApplication using Java 16.0.1 on vishu with PID 29499 (/home/vishu/IDE/sts/Vishu_TrainingProject/target/classes started by vishu in /home/vishu/IDE/sts/Vishu_TrainingProject)
2021-08-26 18:26:40 =[restartedMain] DEBUG c.e.m.VishuTrainingProjectApplication -Running with Spring Boot v2.5.3, Spring v5.3.9
2021-08-26 18:26:40 =[restartedMain] INFO  c.e.m.VishuTrainingProjectApplication -No active profile set, falling back to default profiles: default
2021-08-26 18:26:41 =[restartedMain] INFO  c.e.m.VishuTrainingProjectApplication -Started VishuTrainingProjectApplication in 0.808 seconds (JVM running for 875.4)
2021-08-26 18:28:59 =[restartedMain] INFO  c.e.m.VishuTrainingProjectApplication -Starting VishuTrainingProjectApplication using Java 16.0.1 on vishu with PID 29499 (/home/vishu/IDE/sts/Vishu_TrainingProject/target/classes started by vishu in /home/vishu/IDE/sts/Vishu_TrainingProject)
2021-08-26 18:28:59 =[restartedMain] DEBUG c.e.m.VishuTrainingProjectApplication -Running with Spring Boot v2.5.3, Spring v5.3.9
2021-08-26 18:28:59 =[restartedMain] INFO  c.e.m.VishuTrainingProjectApplication -No active profile set, falling back to default profiles: default
2021-08-26 18:28:59 =[restartedMain] INFO  c.e.m.VishuTrainingProjectApplication -Starting VishuTrainingProjectApplication using Java 16.0.1 on vishu with PID 29499 (/home/vishu/IDE/sts/Vishu_TrainingProject/target/classes started by vishu in /home/vishu/IDE/sts/Vishu_TrainingProject)
2021-08-26 18:28:59 =[restartedMain] DEBUG c.e.m.VishuTrainingProjectApplication -Running with Spring Boot v2.5.3, Spring v5.3.9
2021-08-26 18:28:59 =[restartedMain] INFO  c.e.m.VishuTrainingProjectApplication -No active profile set, falling back to default profiles: default
2021-08-26 18:30:21 =[restartedMain] INFO  c.e.m.VishuTrainingProjectApplication -Starting VishuTrainingProjectApplication using Java 16.0.1 on vishu with PID 29499 (/home/vishu/IDE/sts/Vishu_TrainingProject/target/classes started by vishu in /home/vishu/IDE/sts/Vishu_TrainingProject)
2021-08-26 18:30:21 =[restartedMain] DEBUG c.e.m.VishuTrainingProjectApplication -Running with Spring Boot v2.5.3, Spring v5.3.9
2021-08-26 18:30:21 =[restartedMain] INFO  c.e.m.VishuTrainingProjectApplication -No active profile set, falling back to default profiles: default
2021-08-26 18:30:22 =[restartedMain] INFO  c.e.m.VishuTrainingProjectApplication -Started VishuTrainingProjectApplication in 0.837 seconds (JVM running for 1095.836)
2021-08-26 18:31:30 =[restartedMain] INFO  c.e.m.VishuTrainingProjectApplication -Starting VishuTrainingProjectApplication using Java 16.0.1 on vishu with PID 29499 (/home/vishu/IDE/sts/Vishu_TrainingProject/target/classes started by vishu in /home/vishu/IDE/sts/Vishu_TrainingProject)
2021-08-26 18:31:30 =[restartedMain] DEBUG c.e.m.VishuTrainingProjectApplication -Running with Spring Boot v2.5.3, Spring v5.3.9
2021-08-26 18:31:30 =[restartedMain] INFO  c.e.m.VishuTrainingProjectApplication -No active profile set, falling back to default profiles: default
2021-08-26 18:31:30 =[restartedMain] INFO  c.e.m.VishuTrainingProjectApplication -Starting VishuTrainingProjectApplication using Java 16.0.1 on vishu with PID 29499 (/home/vishu/IDE/sts/Vishu_TrainingProject/target/classes started by vishu in /home/vishu/IDE/sts/Vishu_TrainingProject)
2021-08-26 18:31:30 =[restartedMain] DEBUG c.e.m.VishuTrainingProjectApplication -Running with Spring Boot v2.5.3, Spring v5.3.9
2021-08-26 18:31:30 =[restartedMain] INFO  c.e.m.VishuTrainingProjectApplication -No active profile set, falling back to default profiles: default
2021-08-26 18:31:30 =[restartedMain] INFO  c.e.m.VishuTrainingProjectApplication -Starting VishuTrainingProjectApplication using Java 16.0.1 on vishu with PID 29499 (/home/vishu/IDE/sts/Vishu_TrainingProject/target/classes started by vishu in /home/vishu/IDE/sts/Vishu_TrainingProject)
2021-08-26 18:31:30 =[restartedMain] DEBUG c.e.m.VishuTrainingProjectApplication -Running with Spring Boot v2.5.3, Spring v5.3.9
2021-08-26 18:31:30 =[restartedMain] INFO  c.e.m.VishuTrainingProjectApplication -No active profile set, falling back to default profiles: default
2021-08-26 18:31:31 =[restartedMain] INFO  c.e.m.VishuTrainingProjectApplication -Started VishuTrainingProjectApplication in 1.272 seconds (JVM running for 1165.61)
